[2026-07-16 17:50:22,345] DynamicPageScraper - INFO - [32mChrome WebDriver başarıyla oluşturuldu (dahili yönetici)
[2026-07-16 17:50:22,347] DynamicPageScraper - INFO - [32m🚀 Tarayıcı başlatıldı
[2026-07-16 17:50:23,777] DynamicPageScraper - INFO - [36m📸 Ekran görüntüsü kaydedildi: C:\Users\orucs\OneDrive\Desktop\staj\3-4-5\web_scraping\02_selenium\..\data\screenshots\anasayfa_ecommerce.png
[2026-07-16 17:50:23,777] DynamicPageScraper - INFO - [32m✅ Ana sayfa yüklendi
[2026-07-16 17:50:23,777] DynamicPageScraper - INFO - [36m📂 Kategori açılıyor: Computers - Laptops → https://webscraper.io/test-sites/e-commerce/allinone/computers/laptops
[2026-07-16 17:50:24,081] DynamicPageScraper - INFO - [36m📸 Ekran görüntüsü kaydedildi: C:\Users\orucs\OneDrive\Desktop\staj\3-4-5\web_scraping\02_selenium\..\data\screenshots\category_computers___laptops.png
[2026-07-16 17:50:24,091] DynamicPageScraper - INFO -   → 117 ürün kartı bulundu
[2026-07-16 17:50:24,152] DynamicPageScraper - INFO -   [32m[1] Asus VivoBook X441NA-GA190 | $295.99 | ⭐3 | 💬14
[2026-07-16 17:50:24,196] DynamicPageScraper - INFO -   [32m[2] Prestigio SmartBook 133S Dark Grey | $299 | ⭐2 | 💬8
[2026-07-16 17:50:24,253] DynamicPageScraper - INFO -   [32m[3] Prestigio SmartBook 133S Gold | $299 | ⭐4 | 💬12
[2026-07-16 17:50:24,318] DynamicPageScraper - INFO -   [32m[4] Aspire E1-510 | $306.99 | ⭐3 | 💬2
[2026-07-16 17:50:24,373] DynamicPageScraper - INFO -   [32m[5] Lenovo V110-15IAP | $321.94 | ⭐3 | 💬5
[2026-07-16 17:50:24,458] DynamicPageScraper - INFO -   [32m[6] Lenovo V110-15IAP | $356.49 | ⭐2 | 💬6
[2026-07-16 17:50:24,609] DynamicPageScraper - INFO -   [32m[7] Hewlett Packard 250 G6 Dark Ash Silver | $364.46 | ⭐1 | 💬12
[2026-07-16 17:50:24,697] DynamicPageScraper - INFO -   [32m[8] Acer Aspire 3 A315-31 Black | $372.7 | ⭐2 | 💬2
[2026-07-16 17:50:24,778] DynamicPageScraper - INFO -   [32m[9] Acer Aspire A315-31-C33J | $379.94 | ⭐2 | 💬0
[2026-07-16 17:50:24,937] DynamicPageScraper - INFO -   [32m[10] Acer Aspire ES1-572 Black | $379.95 | ⭐4 | 💬9
[2026-07-16 17:50:24,996] DynamicPageScraper - INFO -   [32m[11] Acer Aspire 3 A315-31 Black | $391.48 | ⭐4 | 💬10
[2026-07-16 17:50:25,085] DynamicPageScraper - INFO -   [32m[12] Acer Aspire 3 A315-21 | $393.88 | ⭐3 | 💬9
[2026-07-16 17:50:25,185] DynamicPageScraper - INFO -   [32m[13] Asus VivoBook Max | $399 | ⭐1 | 💬4
[2026-07-16 17:50:25,281] DynamicPageScraper - INFO -   [32m[14] Asus VivoBook E502NA-GO022T Dark Blue | $399.99 | ⭐4 | 💬3
[2026-07-16 17:50:25,371] DynamicPageScraper - INFO -   [32m[15] Lenovo ThinkPad E31-80 | $404.23 | ⭐1 | 💬12
[2026-07-16 17:50:25,470] DynamicPageScraper - INFO -   [32m[16] Acer Aspire 3 A315-31 Black | $408.98 | ⭐4 | 💬10
[2026-07-16 17:50:25,542] DynamicPageScraper - INFO -   [32m[17] Lenovo V110-15ISK | $409.63 | ⭐3 | 💬9
[2026-07-16 17:50:25,616] DynamicPageScraper - INFO -   [32m[18] Acer Aspire ES1-732 Black | $410.46 | ⭐4 | 💬14
[2026-07-16 17:50:25,688] DynamicPageScraper - INFO -   [32m[19] Asus VivoBook 15 X540NA-GQ026T | $410.66 | ⭐4 | 💬4
[2026-07-16 17:50:25,813] DynamicPageScraper - INFO -   [32m[20] Packard 255 G2 | $416.99 | ⭐2 | 💬2
[2026-07-16 17:50:25,943] DynamicPageScraper - INFO -   [32m[21] Asus EeeBook R416NA-FA014T | $433.3 | ⭐1 | 💬1
[2026-07-16 17:50:26,100] DynamicPageScraper - INFO -   [32m[22] Acer Aspire 3 A315-51 | $436.29 | ⭐1 | 💬1
[2026-07-16 17:50:26,270] DynamicPageScraper - INFO -   [32m[23] Acer Aspire ES1-572 Black | $436.29 | ⭐1 | 💬2
[2026-07-16 17:50:26,396] DynamicPageScraper - INFO -   [32m[24] Acer Extensa 15 (2540) Black | $439.73 | ⭐4 | 💬6
[2026-07-16 17:50:26,485] DynamicPageScraper - INFO -   [32m[25] Acer Aspire ES1-572 Black | $454.62 | ⭐1 | 💬9
[2026-07-16 17:50:26,586] DynamicPageScraper - INFO -   [32m[26] Lenovo V110-15ISK | $454.73 | ⭐2 | 💬2
[2026-07-16 17:50:26,781] DynamicPageScraper - INFO -   [32m[27] Acer Aspire A315-51-33TG | $457.38 | ⭐3 | 💬9
[2026-07-16 17:50:26,929] DynamicPageScraper - INFO -   [32m[28] Lenovo V110-15IKB | $465.95 | ⭐1 | 💬7
[2026-07-16 17:50:27,043] DynamicPageScraper - INFO -   [32m[29] Asus VivoBook 15 X540UA-DM260 Chocolate Black | $468.56 | ⭐3 | 💬1
[2026-07-16 17:50:27,152] DynamicPageScraper - INFO -   [32m[30] Acer Aspire ES1-572 Black | $469.1 | ⭐3 | 💬5
[2026-07-16 17:50:27,254] DynamicPageScraper - INFO -   [32m[31] Lenovo V510 Black | $484.23 | ⭐3 | 💬8
[2026-07-16 17:50:27,368] DynamicPageScraper - INFO -   [32m[32] Acer Aspire ES1-572 Black | $485.9 | ⭐3 | 💬6
[2026-07-16 17:50:27,480] DynamicPageScraper - INFO -   [32m[33] Lenovo V510 Black | $487.8 | ⭐2 | 💬9
[2026-07-16 17:50:27,603] DynamicPageScraper - INFO -   [32m[34] Acer Swift 1 SF113-31 Silver | $488.64 | ⭐3 | 💬4
[2026-07-16 17:50:27,698] DynamicPageScraper - INFO -   [32m[35] Dell Vostro 15 | $488.78 | ⭐4 | 💬14
[2026-07-16 17:50:27,798] DynamicPageScraper - INFO -   [32m[36] Acer Aspire 3 A315-51 Black | $494.71 | ⭐4 | 💬2
[2026-07-16 17:50:27,885] DynamicPageScraper - INFO -   [32m[37] Dell Vostro 15 (3568) Red | $497.17 | ⭐1 | 💬9
[2026-07-16 17:50:28,008] DynamicPageScraper - INFO -   [32m[38] Lenovo V510 Black | $498.23 | ⭐3 | 💬5
[2026-07-16 17:50:28,098] DynamicPageScraper - INFO -   [32m[39] HP 250 G3 | $520.99 | ⭐2 | 💬13
[2026-07-16 17:50:28,174] DynamicPageScraper - INFO -   [32m[40] Acer Spin 5 | $564.98 | ⭐2 | 💬0
[2026-07-16 17:50:28,260] DynamicPageScraper - INFO -   [32m[41] HP 350 G1 | $577.99 | ⭐2 | 💬10
[2026-07-16 17:50:28,362] DynamicPageScraper - INFO -   [32m[42] Aspire E1-572G | $581.99 | ⭐1 | 💬2
[2026-07-16 17:50:28,429] DynamicPageScraper - INFO -   [32m[43] Pavilion | $609.99 | ⭐1 | 💬4
[2026-07-16 17:50:28,540] DynamicPageScraper - INFO -   [32m[44] Acer Aspire A515-51-5654 | $679 | ⭐2 | 💬9
[2026-07-16 17:50:28,722] DynamicPageScraper - INFO -   [32m[45] Dell Inspiron 15 | $679 | ⭐2 | 💬7
[2026-07-16 17:50:28,820] DynamicPageScraper - INFO -   [32m[46] Asus VivoBook S14 | $729 | ⭐1 | 💬2
[2026-07-16 17:50:28,888] DynamicPageScraper - INFO -   [32m[47] ProBook | $739.99 | ⭐4 | 💬8
[2026-07-16 17:50:28,975] DynamicPageScraper - INFO -   [32m[48] Inspiron 15 | $745.99 | ⭐3 | 💬12
[2026-07-16 17:50:29,060] DynamicPageScraper - INFO -   [32m[49] Asus ROG STRIX GL553VD-DM256 | $799 | ⭐2 | 💬7
[2026-07-16 17:50:29,137] DynamicPageScraper - INFO -   [32m[50] Acer Nitro 5 AN515-51 | $809 | ⭐1 | 💬0
[2026-07-16 17:50:29,225] DynamicPageScraper - INFO -   [32m[51] Asus ROG STRIX GL553VD-DM256 | $899 | ⭐1 | 💬7
[2026-07-16 17:50:29,296] DynamicPageScraper - INFO -   [32m[52] Lenovo ThinkPad L570 | $999 | ⭐3 | 💬11
[2026-07-16 17:50:29,481] DynamicPageScraper - INFO -   [32m[53] ThinkPad Yoga | $1033.99 | ⭐2 | 💬13
[2026-07-16 17:50:29,669] DynamicPageScraper - INFO -   [32m[54] Lenovo ThinkPad L460 | $1096.02 | ⭐4 | 💬14
[2026-07-16 17:50:29,748] DynamicPageScraper - INFO -   [32m[55] Dell Inspiron 15 (7567) Black | $1098.42 | ⭐1 | 💬7
[2026-07-16 17:50:29,900] DynamicPageScraper - INFO -   [32m[56] MSI GL72M 7RDX | $1099 | ⭐4 | 💬1
[2026-07-16 17:50:30,023] DynamicPageScraper - INFO -   [32m[57] MSI GL72M 7RDX | $1099 | ⭐1 | 💬9
[2026-07-16 17:50:30,179] DynamicPageScraper - INFO -   [32m[58] Asus ROG Strix GL553VD-DM535T | $1101.83 | ⭐2 | 💬4
[2026-07-16 17:50:30,365] DynamicPageScraper - INFO -   [32m[59] Dell Latitude 5280 | $1102.66 | ⭐1 | 💬8
[2026-07-16 17:50:30,498] DynamicPageScraper - INFO -   [32m[60] Dell Latitude 5480 | $1110.14 | ⭐3 | 💬4
[2026-07-16 17:50:30,538] DynamicPageScraper - INFO -   [32m[61] Lenovo Legion Y520-15IKBM | $1112.91 | ⭐4 | 💬1
[2026-07-16 17:50:30,703] DynamicPageScraper - INFO -   [32m[62] Toshiba Portege Z30-C-16J Grey | $1114.55 | ⭐1 | 💬0
[2026-07-16 17:50:30,819] DynamicPageScraper - INFO -   [32m[63] Acer Predator Helios 300 (PH317-51) | $1123.87 | ⭐2 | 💬1
[2026-07-16 17:50:30,947] DynamicPageScraper - INFO -   [32m[64] Acer Aspire 7 A715-71G | $1123.87 | ⭐2 | 💬4
[2026-07-16 17:50:31,071] DynamicPageScraper - INFO -   [32m[65] Dell Inspiron 17 2in1 (7779) Silver | $1124.2 | ⭐3 | 💬10
[2026-07-16 17:50:31,269] DynamicPageScraper - INFO -   [32m[66] Dell Latitude 5480 | $1133.82 | ⭐4 | 💬14
[2026-07-16 17:50:31,308] DynamicPageScraper - INFO -   [32m[67] Lenovo Legion Y520 | $1133.91 | ⭐1 | 💬13
[2026-07-16 17:50:31,408] DynamicPageScraper - INFO -   [32m[68] Asus AsusPro Advanced BU401LA-FA271G Dark Grey | $1139.54 | ⭐3 | 💬7
[2026-07-16 17:50:31,564] DynamicPageScraper - INFO -   [32m[69] Acer Nitro 5 AN515-51 | $1140.62 | ⭐3 | 💬14
[2026-07-16 17:50:31,694] DynamicPageScraper - INFO -   [32m[70] Dell Latitude 5480 | $1143.4 | ⭐4 | 💬5
[2026-07-16 17:50:31,814] DynamicPageScraper - INFO -   [32m[71] Dell Inspiron 15 (7567) Black | $1144.2 | ⭐1 | 💬2
[2026-07-16 17:50:31,942] DynamicPageScraper - INFO -   [32m[72] Dell Latitude 5580 | $1144.4 | ⭐3 | 💬10
[2026-07-16 17:50:32,060] DynamicPageScraper - INFO -   [32m[73] Lenovo Legion Y520-15IKBM | $1149 | ⭐3 | 💬11
[2026-07-16 17:50:32,155] DynamicPageScraper - INFO -   [32m[74] MSI GP62M 7RDX Leopard | $1149 | ⭐1 | 💬11
[2026-07-16 17:50:32,243] DynamicPageScraper - INFO -   [32m[75] Lenovo Yoga 720 Grey | $1149.73 | ⭐2 | 💬12
[2026-07-16 17:50:32,278] DynamicPageScraper - INFO -   [32m[76] Toshiba Portege Z30-C-16L Grey | $1154.04 | ⭐1 | 💬7
[2026-07-16 17:50:32,312] DynamicPageScraper - INFO -   [32m[77] Acer TravelMate P645-S-511A Black | $1170.1 | ⭐1 | 💬0
[2026-07-16 17:50:32,391] DynamicPageScraper - INFO -   [32m[78] Dell Latitude 5580 | $1178.19 | ⭐3 | 💬6
[2026-07-16 17:50:32,462] DynamicPageScraper - INFO -   [32m[79] ThinkPad T540p | $1178.99 | ⭐1 | 💬2
[2026-07-16 17:50:32,496] DynamicPageScraper - INFO -   [32m[80] MSI GS63 7RD Stealth | $1179 | ⭐1 | 💬2
[2026-07-16 17:50:32,583] DynamicPageScraper - INFO -   [32m[81] Dell Latitude 5480 | $1187.88 | ⭐3 | 💬5
[2026-07-16 17:50:32,672] DynamicPageScraper - INFO -   [32m[82] Acer Predator Helios 300 (PH317-51) | $1187.98 | ⭐3 | 💬14
[2026-07-16 17:50:32,730] DynamicPageScraper - INFO -   [32m[83] MSI GL62M 7REX | $1199 | ⭐1 | 💬7
[2026-07-16 17:50:32,885] DynamicPageScraper - INFO -   [32m[84] MSI GL62M 7REX2 | $1199 | ⭐2 | 💬12
[2026-07-16 17:50:33,028] DynamicPageScraper - INFO -   [32m[85] Lenovo Yoga 910 Grey | $1199.73 | ⭐3 | 💬7
[2026-07-16 17:50:33,108] DynamicPageScraper - INFO -   [32m[86] Toshiba Portege X30-D-10J Black/Blue | $1203.41 | ⭐4 | 💬13
[2026-07-16 17:50:33,172] DynamicPageScraper - INFO -   [32m[87] Lenovo IdeaPad Miix 510 Platinum Silver | $1212.16 | ⭐4 | 💬0
[2026-07-16 17:50:33,221] DynamicPageScraper - INFO -   [32m[88] Acer Predator Helios 300 (PH317-51) | $1221.58 | ⭐1 | 💬9
[2026-07-16 17:50:33,263] DynamicPageScraper - INFO -   [32m[89] ThinkPad Yoga | $1223.99 | ⭐3 | 💬2
[2026-07-16 17:50:33,324] DynamicPageScraper - INFO -   [32m[90] Asus VivoBook Pro 15 N580VN-FI006T Gold Metal | $1235.49 | ⭐2 | 💬10
[2026-07-16 17:50:33,359] DynamicPageScraper - INFO -   [32m[91] Dell Latitude 5480 | $1238.37 | ⭐2 | 💬0
[2026-07-16 17:50:33,448] DynamicPageScraper - INFO -   [32m[92] Asus ZenBook UX530UX-FY040T Blue | $1239.2 | ⭐1 | 💬14
[2026-07-16 17:50:33,588] DynamicPageScraper - INFO -   [32m[93] ThinkPad X230 | $1244.99 | ⭐3 | 💬10
[2026-07-16 17:50:33,626] DynamicPageScraper - INFO -   [32m[94] Asus ROG Strix GL753VE-GC096T | $1259 | ⭐4 | 💬7
[2026-07-16 17:50:33,762] DynamicPageScraper - INFO -   [32m[95] Apple MacBook Air 13" | $1260.13 | ⭐4 | 💬8
[2026-07-16 17:50:33,945] DynamicPageScraper - INFO -   [32m[96] Dell Latitude 5480 | $1271.06 | ⭐1 | 💬13
[2026-07-16 17:50:34,071] DynamicPageScraper - INFO -   [32m[97] Hewlett Packard Spectre 13-v106na Dark Ash Silver | $1273.11 | ⭐3 | 💬8
[2026-07-16 17:50:34,235] DynamicPageScraper - INFO -   [32m[98] Dell XPS 13 | $1281.99 | ⭐3 | 💬4
[2026-07-16 17:50:34,329] DynamicPageScraper - INFO -   [32m[99] Toshiba Portege Z30-C-16K Grey | $1294.74 | ⭐1 | 💬6
[2026-07-16 17:50:34,405] DynamicPageScraper - INFO -   [32m[100] MSI GL62VR 7RFX | $1299 | ⭐3 | 💬1
[2026-07-16 17:50:34,479] DynamicPageScraper - INFO -   [32m[101] Dell Latitude 5480 | $1310.39 | ⭐3 | 💬8
[2026-07-16 17:50:34,575] DynamicPageScraper - INFO -   [32m[102] ThinkPad X240 | $1311.99 | ⭐3 | 💬12
[2026-07-16 17:50:34,803] DynamicPageScraper - INFO -   [32m[103] Hewlett Packard ProBook 640 G3 | $1326.83 | ⭐1 | 💬2
[2026-07-16 17:50:35,005] DynamicPageScraper - INFO -   [32m[104] Apple MacBook Pro 13" Space Gray | $1333 | ⭐1 | 💬0
[2026-07-16 17:50:35,189] DynamicPageScraper - INFO -   [32m[105] Dell Latitude 5580 | $1337.28 | ⭐1 | 💬6
[2026-07-16 17:50:35,346] DynamicPageScraper - INFO -   [32m[106] Dell Latitude 5480 | $1338.37 | ⭐2 | 💬11
[2026-07-16 17:50:35,439] DynamicPageScraper - INFO -   [32m[107] Dell Latitude 5580 | $1341.22 | ⭐3 | 💬3
[2026-07-16 17:50:35,554] DynamicPageScraper - INFO -   [32m[108] Apple MacBook Air 13" | $1347.78 | ⭐2 | 💬11
[2026-07-16 17:50:35,634] DynamicPageScraper - INFO -   [32m[109] Lenovo ThinkPad T470 | $1349.23 | ⭐1 | 💬5
[2026-07-16 17:50:35,807] DynamicPageScraper - INFO -   [32m[110] Lenovo ThinkPad Yoga 370 Black | $1362.24 | ⭐2 | 💬12
[2026-07-16 17:50:35,894] DynamicPageScraper - INFO -   [32m[111] Toshiba Portege X20W-D-10V Black/Blue | $1366.32 | ⭐1 | 💬11
[2026-07-16 17:50:36,043] DynamicPageScraper - INFO -   [32m[112] Asus ASUSPRO B9440UA-GV0279R Gray | $1381.13 | ⭐1 | 💬4
[2026-07-16 17:50:36,173] DynamicPageScraper - INFO -   [32m[113] Lenovo Legion Y720 | $1399 | ⭐3 | 💬8
[2026-07-16 17:50:36,218] DynamicPageScraper - INFO -   [32m[114] Asus ROG Strix GL702VM-GC146T | $1399 | ⭐3 | 💬10
[2026-07-16 17:50:36,421] DynamicPageScraper - INFO -   [32m[115] Asus ROG Strix GL702ZC-GC154T | $1769 | ⭐4 | 💬7
[2026-07-16 17:50:36,469] DynamicPageScraper - INFO -   [32m[116] Asus ROG Strix GL702ZC-GC209T | $1769 | ⭐1 | 💬8
[2026-07-16 17:50:36,637] DynamicPageScraper - INFO -   [32m[117] Asus ROG Strix SCAR Edition GL503VM-ED115T | $1799 | ⭐3 | 💬8
[2026-07-16 17:50:38,026] DynamicPageScraper - INFO - [36m📂 Kategori açılıyor: Phones - Touch → https://webscraper.io/test-sites/e-commerce/allinone/phones/touch
[2026-07-16 17:50:38,651] DynamicPageScraper - INFO - [36m📸 Ekran görüntüsü kaydedildi: C:\Users\orucs\OneDrive\Desktop\staj\3-4-5\web_scraping\02_selenium\..\data\screenshots\category_phones___touch.png
[2026-07-16 17:50:38,658] DynamicPageScraper - INFO -   → 9 ürün kartı bulundu
[2026-07-16 17:50:38,765] DynamicPageScraper - INFO -   [32m[1] Nokia 123 | $24.99 | ⭐3 | 💬11
[2026-07-16 17:50:38,948] DynamicPageScraper - INFO -   [32m[2] LG Optimus | $57.99 | ⭐3 | 💬11
[2026-07-16 17:50:39,040] DynamicPageScraper - INFO -   [32m[3] Samsung Galaxy | $93.99 | ⭐3 | 💬3
[2026-07-16 17:50:39,091] DynamicPageScraper - INFO -   [32m[4] Nokia X | $109.99 | ⭐4 | 💬4
[2026-07-16 17:50:39,216] DynamicPageScraper - INFO -   [32m[5] Sony Xperia | $118.99 | ⭐1 | 💬6
[2026-07-16 17:50:39,342] DynamicPageScraper - INFO -   [32m[6] Ubuntu Edge | $499.99 | ⭐1 | 💬2
[2026-07-16 17:50:39,432] DynamicPageScraper - INFO -   [32m[7] Iphone | $899.99 | ⭐1 | 💬10
[2026-07-16 17:50:39,589] DynamicPageScraper - INFO -   [32m[8] Iphone | $899.99 | ⭐2 | 💬8
[2026-07-16 17:50:39,739] DynamicPageScraper - INFO -   [32m[9] Iphone | $899.99 | ⭐1 | 💬1
[2026-07-16 17:50:41,150] DynamicPageScraper - INFO - [33m🔒 Tarayıcı kapatıldı
