[2026-07-16 17:45:31,188] hidden_api_scraper - INFO - [36m🔍 API Reverse Engineering Scraper başlatılıyor...[0m
[2026-07-16 17:45:31,188] hidden_api_scraper - INFO - [33m📡 API Endpoint: http://quotes.toscrape.com/api/quotes[0m
[2026-07-16 17:45:31,188] hidden_api_scraper - INFO - 📄 Sayfa 1 çekiliyor: http://quotes.toscrape.com/api/quotes?page=1
[2026-07-16 17:45:31,688] hidden_api_scraper - INFO -   ✅ 10 alıntı çekildi (Toplam: 10)
[2026-07-16 17:45:32,093] hidden_api_scraper - INFO - 📄 Sayfa 2 çekiliyor: http://quotes.toscrape.com/api/quotes?page=2
[2026-07-16 17:45:32,411] hidden_api_scraper - INFO -   ✅ 10 alıntı çekildi (Toplam: 20)
[2026-07-16 17:45:32,796] hidden_api_scraper - INFO - 📄 Sayfa 3 çekiliyor: http://quotes.toscrape.com/api/quotes?page=3
[2026-07-16 17:45:33,118] hidden_api_scraper - INFO -   ✅ 10 alıntı çekildi (Toplam: 30)
[2026-07-16 17:45:33,501] hidden_api_scraper - INFO - 📄 Sayfa 4 çekiliyor: http://quotes.toscrape.com/api/quotes?page=4
[2026-07-16 17:45:33,811] hidden_api_scraper - INFO -   ✅ 10 alıntı çekildi (Toplam: 40)
[2026-07-16 17:45:34,587] hidden_api_scraper - INFO - 📄 Sayfa 5 çekiliyor: http://quotes.toscrape.com/api/quotes?page=5
[2026-07-16 17:45:35,329] hidden_api_scraper - INFO -   ✅ 10 alıntı çekildi (Toplam: 50)
[2026-07-16 17:45:35,648] hidden_api_scraper - INFO - 📄 Sayfa 6 çekiliyor: http://quotes.toscrape.com/api/quotes?page=6
[2026-07-16 17:45:35,988] hidden_api_scraper - INFO -   ✅ 10 alıntı çekildi (Toplam: 60)
[2026-07-16 17:45:36,782] hidden_api_scraper - INFO - 📄 Sayfa 7 çekiliyor: http://quotes.toscrape.com/api/quotes?page=7
[2026-07-16 17:45:37,096] hidden_api_scraper - INFO -   ✅ 10 alıntı çekildi (Toplam: 70)
[2026-07-16 17:45:37,824] hidden_api_scraper - INFO - 📄 Sayfa 8 çekiliyor: http://quotes.toscrape.com/api/quotes?page=8
[2026-07-16 17:45:38,132] hidden_api_scraper - INFO -   ✅ 10 alıntı çekildi (Toplam: 80)
[2026-07-16 17:45:38,731] hidden_api_scraper - INFO - 📄 Sayfa 9 çekiliyor: http://quotes.toscrape.com/api/quotes?page=9
[2026-07-16 17:45:39,076] hidden_api_scraper - INFO -   ✅ 10 alıntı çekildi (Toplam: 90)
[2026-07-16 17:45:39,667] hidden_api_scraper - INFO - 📄 Sayfa 10 çekiliyor: http://quotes.toscrape.com/api/quotes?page=10
[2026-07-16 17:45:40,001] hidden_api_scraper - INFO -   ✅ 10 alıntı çekildi (Toplam: 100)
[2026-07-16 17:45:40,001] hidden_api_scraper - INFO - [32m🏁 Son sayfaya ulaşıldı (Sayfa 10)[0m
[2026-07-16 18:37:17,195] hidden_api_scraper - INFO - [36m🔍 API yöntemiyle 12 sorgu çalıştırılıyor...[0m
[2026-07-16 18:37:27,128] hidden_api_scraper - WARNING - ⚠️ API araması başarısız (Ankara): 429 Client Error: Too Many Requests for url: https://tr.wikipedia.org/w/rest.php/v1/search/title?q=Ankara&limit=5
[2026-07-16 18:37:27,406] hidden_api_scraper - INFO -   ✅ API: 51 sonuç, 10.21 saniye
[2026-07-16 18:37:27,406] hidden_api_scraper - INFO - 
[36m🔍 BS4 yöntemiyle 12 sorgu çalıştırılıyor...[0m
[2026-07-16 18:37:45,772] hidden_api_scraper - INFO -   ✅ BS4: 60 sonuç, 18.37 saniye
