[2026-07-16 17:57:25,232] async_scraper - INFO - [33m🐢 SENKRON çekme başlatılıyor (50 sayfa)...[0m
[2026-07-16 17:57:32,510] async_scraper - INFO -   📊 Senkron ilerleme: 10/50
[2026-07-16 17:57:39,160] async_scraper - INFO -   📊 Senkron ilerleme: 20/50
[2026-07-16 17:57:45,941] async_scraper - INFO -   📊 Senkron ilerleme: 30/50
[2026-07-16 17:57:52,683] async_scraper - INFO -   📊 Senkron ilerleme: 40/50
[2026-07-16 17:57:59,627] async_scraper - INFO -   📊 Senkron ilerleme: 50/50
[2026-07-16 17:57:59,627] async_scraper - INFO -   ✅ Senkron tamamlandı: 1000 kitap, 34.39s, 0 hata
[2026-07-16 17:58:01,328] async_scraper - INFO - [32m🚀 ASENKRON çekme başlatılıyor (50 sayfa, max 5 eşzamanlı)...[0m
[2026-07-16 17:58:01,575] async_scraper - INFO -   📡 50 görev oluşturuldu, çalıştırılıyor...
[2026-07-16 17:58:06,919] async_scraper - INFO -   ✅ Asenkron tamamlandı: 1000 kitap, 5.59s, 0 hata
[2026-07-16 18:30:11,549] async_scraper - INFO - [33m🐢 SENKRON çekme başlatılıyor (33 sayfa)...[0m
[2026-07-16 18:30:16,713] async_scraper - INFO -   📊 Senkron ilerleme: 10/33
[2026-07-16 18:30:21,421] async_scraper - INFO -   📊 Senkron ilerleme: 20/33
[2026-07-16 18:30:26,146] async_scraper - INFO -   📊 Senkron ilerleme: 30/33
[2026-07-16 18:30:27,576] async_scraper - INFO -   ✅ Senkron tamamlandı: 33 roman, 16.03s, 0 hata
[2026-07-16 18:30:29,346] async_scraper - INFO - [32m🚀 ASENKRON çekme başlatılıyor (33 sayfa, max 5 eşzamanlı)...[0m
[2026-07-16 18:30:29,589] async_scraper - INFO -   📡 33 görev oluşturuldu, çalıştırılıyor...
[2026-07-16 18:30:29,817] async_scraper - WARNING - ⚠️ Asenkron Çanakkale Mahşeri hatası: Client error '403 Forbidden' for url 'https://tr.wikipedia.org/wiki/%C3%87anakkale_Mah%C5%9Feri'
For more information check: https://developer.mozilla.org/en-US/docs/Web/HTTP/Status/403
[2026-07-16 18:30:29,832] async_scraper - WARNING - ⚠️ Asenkron Biz İnsanlar hatası: Client error '403 Forbidden' for url 'https://tr.wikipedia.org/wiki/Biz_%C4%B0nsanlar'
For more information check: https://developer.mozilla.org/en-US/docs/Web/HTTP/Status/403
[2026-07-16 18:30:29,833] async_scraper - WARNING - ⚠️ Asenkron Cemo (roman) hatası: Client error '403 Forbidden' for url 'https://tr.wikipedia.org/wiki/Cemo_(roman)'
For more information check: https://developer.mozilla.org/en-US/docs/Web/HTTP/Status/403
[2026-07-16 18:30:29,841] async_scraper - WARNING - ⚠️ Asenkron Barbarın Kahkahası hatası: Client error '403 Forbidden' for url 'https://tr.wikipedia.org/wiki/Barbar%C4%B1n_Kahkahas%C4%B1'
For more information check: https://developer.mozilla.org/en-US/docs/Web/HTTP/Status/403
[2026-07-16 18:30:29,842] async_scraper - WARNING - ⚠️ Asenkron Başın Öne Eğilmesin hatası: Client error '403 Forbidden' for url 'https://tr.wikipedia.org/wiki/Ba%C5%9F%C4%B1n_%C3%96ne_E%C4%9Filmesin'
For more information check: https://developer.mozilla.org/en-US/docs/Web/HTTP/Status/403
[2026-07-16 18:30:29,885] async_scraper - WARNING - ⚠️ Asenkron Deli Kurt hatası: Client error '403 Forbidden' for url 'https://tr.wikipedia.org/wiki/Deli_Kurt'
For more information check: https://developer.mozilla.org/en-US/docs/Web/HTTP/Status/403
[2026-07-16 18:30:29,905] async_scraper - WARNING - ⚠️ Asenkron Deliduman hatası: Client error '403 Forbidden' for url 'https://tr.wikipedia.org/wiki/Deliduman'
For more information check: https://developer.mozilla.org/en-US/docs/Web/HTTP/Status/403
[2026-07-16 18:30:29,905] async_scraper - WARNING - ⚠️ Asenkron Dünya Döner Renkler Kalır hatası: Client error '403 Forbidden' for url 'https://tr.wikipedia.org/wiki/D%C3%BCnya_D%C3%B6ner_Renkler_Kal%C4%B1r'
For more information check: https://developer.mozilla.org/en-US/docs/Web/HTTP/Status/403
[2026-07-16 18:30:29,914] async_scraper - WARNING - ⚠️ Asenkron Dünyanın En Pis Sokağı hatası: Client error '403 Forbidden' for url 'https://tr.wikipedia.org/wiki/D%C3%BCnyan%C4%B1n_En_Pis_Soka%C4%9F%C4%B1'
For more information check: https://developer.mozilla.org/en-US/docs/Web/HTTP/Status/403
[2026-07-16 18:30:29,916] async_scraper - WARNING - ⚠️ Asenkron Düşler ve Gerçekler hatası: Client error '403 Forbidden' for url 'https://tr.wikipedia.org/wiki/D%C3%BC%C5%9Fler_ve_Ger%C3%A7ekler'
For more information check: https://developer.mozilla.org/en-US/docs/Web/HTTP/Status/403
[2026-07-16 18:30:29,953] async_scraper - WARNING - ⚠️ Asenkron Gazi Paşa hatası: Client error '403 Forbidden' for url 'https://tr.wikipedia.org/wiki/Gazi_Pa%C5%9Fa'
For more information check: https://developer.mozilla.org/en-US/docs/Web/HTTP/Status/403
[2026-07-16 18:30:29,978] async_scraper - WARNING - ⚠️ Asenkron Gönül Hanım hatası: Client error '403 Forbidden' for url 'https://tr.wikipedia.org/wiki/G%C3%B6n%C3%BCl_Han%C4%B1m'
For more information check: https://developer.mozilla.org/en-US/docs/Web/HTTP/Status/403
[2026-07-16 18:30:29,979] async_scraper - WARNING - ⚠️ Asenkron General Uçtu hatası: Client error '403 Forbidden' for url 'https://tr.wikipedia.org/wiki/General_U%C3%A7tu'
For more information check: https://developer.mozilla.org/en-US/docs/Web/HTTP/Status/403
[2026-07-16 18:30:29,989] async_scraper - WARNING - ⚠️ Asenkron Gözüm Yaşı Tuna Selidir Şimdi hatası: Client error '403 Forbidden' for url 'https://tr.wikipedia.org/wiki/G%C3%B6z%C3%BCm_Ya%C5%9F%C4%B1_Tuna_Selidir_%C5%9Eimdi'
For more information check: https://developer.mozilla.org/en-US/docs/Web/HTTP/Status/403
[2026-07-16 18:30:29,991] async_scraper - WARNING - ⚠️ Asenkron Halkalı Köle (roman) hatası: Client error '403 Forbidden' for url 'https://tr.wikipedia.org/wiki/Halkal%C4%B1_K%C3%B6le_(roman)'
For more information check: https://developer.mozilla.org/en-US/docs/Web/HTTP/Status/403
[2026-07-16 18:30:30,021] async_scraper - WARNING - ⚠️ Asenkron İçi Yoksul hatası: Client error '403 Forbidden' for url 'https://tr.wikipedia.org/wiki/%C4%B0%C3%A7i_Yoksul'
For more information check: https://developer.mozilla.org/en-US/docs/Web/HTTP/Status/403
[2026-07-16 18:30:30,052] async_scraper - WARNING - ⚠️ Asenkron İkra hatası: Client error '403 Forbidden' for url 'https://tr.wikipedia.org/wiki/%C4%B0kra'
For more information check: https://developer.mozilla.org/en-US/docs/Web/HTTP/Status/403
[2026-07-16 18:30:30,052] async_scraper - WARNING - ⚠️ Asenkron Kahramanlar Doğmalıydı hatası: Client error '403 Forbidden' for url 'https://tr.wikipedia.org/wiki/Kahramanlar_Do%C4%9Fmal%C4%B1yd%C4%B1'
For more information check: https://developer.mozilla.org/en-US/docs/Web/HTTP/Status/403
[2026-07-16 18:30:30,064] async_scraper - WARNING - ⚠️ Asenkron Kurtlar Sofrası (roman) hatası: Client error '403 Forbidden' for url 'https://tr.wikipedia.org/wiki/Kurtlar_Sofras%C4%B1_(roman)'
For more information check: https://developer.mozilla.org/en-US/docs/Web/HTTP/Status/403
[2026-07-16 18:30:30,065] async_scraper - WARNING - ⚠️ Asenkron Küçük Paşa hatası: Client error '403 Forbidden' for url 'https://tr.wikipedia.org/wiki/K%C3%BC%C3%A7%C3%BCk_Pa%C5%9Fa'
For more information check: https://developer.mozilla.org/en-US/docs/Web/HTTP/Status/403
[2026-07-16 18:30:30,090] async_scraper - WARNING - ⚠️ Asenkron Minare Gölgesi hatası: Client error '403 Forbidden' for url 'https://tr.wikipedia.org/wiki/Minare_G%C3%B6lgesi'
For more information check: https://developer.mozilla.org/en-US/docs/Web/HTTP/Status/403
[2026-07-16 18:30:30,125] async_scraper - WARNING - ⚠️ Asenkron Onuncu Köy (roman) hatası: Client error '403 Forbidden' for url 'https://tr.wikipedia.org/wiki/Onuncu_K%C3%B6y_(roman)'
For more information check: https://developer.mozilla.org/en-US/docs/Web/HTTP/Status/403
[2026-07-16 18:30:30,125] async_scraper - WARNING - ⚠️ Asenkron Ölümü Bekleyen Kent hatası: Client error '403 Forbidden' for url 'https://tr.wikipedia.org/wiki/%C3%96l%C3%BCm%C3%BC_Bekleyen_Kent'
For more information check: https://developer.mozilla.org/en-US/docs/Web/HTTP/Status/403
[2026-07-16 18:30:30,138] async_scraper - WARNING - ⚠️ Asenkron Sırrımsın Sırdaşımsın hatası: Client error '403 Forbidden' for url 'https://tr.wikipedia.org/wiki/S%C4%B1rr%C4%B1ms%C4%B1n_S%C4%B1rda%C5%9F%C4%B1ms%C4%B1n'
For more information check: https://developer.mozilla.org/en-US/docs/Web/HTTP/Status/403
[2026-07-16 18:30:30,141] async_scraper - WARNING - ⚠️ Asenkron Tatlı Betüş hatası: Client error '403 Forbidden' for url 'https://tr.wikipedia.org/wiki/Tatl%C4%B1_Bet%C3%BC%C5%9F'
For more information check: https://developer.mozilla.org/en-US/docs/Web/HTTP/Status/403
[2026-07-16 18:30:30,157] async_scraper - WARNING - ⚠️ Asenkron Toprak Uyanırsa hatası: Client error '403 Forbidden' for url 'https://tr.wikipedia.org/wiki/Toprak_Uyan%C4%B1rsa'
For more information check: https://developer.mozilla.org/en-US/docs/Web/HTTP/Status/403
[2026-07-16 18:30:30,210] async_scraper - WARNING - ⚠️ Asenkron Türk edebiyatında roman hatası: Client error '403 Forbidden' for url 'https://tr.wikipedia.org/wiki/T%C3%BCrk_edebiyat%C4%B1nda_roman'
For more information check: https://developer.mozilla.org/en-US/docs/Web/HTTP/Status/403
[2026-07-16 18:30:30,210] async_scraper - WARNING - ⚠️ Asenkron Uzay Çiftçileri hatası: Client error '403 Forbidden' for url 'https://tr.wikipedia.org/wiki/Uzay_%C3%87ift%C3%A7ileri'
For more information check: https://developer.mozilla.org/en-US/docs/Web/HTTP/Status/403
[2026-07-16 18:30:30,214] async_scraper - WARNING - ⚠️ Asenkron Üç İstanbul hatası: Client error '403 Forbidden' for url 'https://tr.wikipedia.org/wiki/%C3%9C%C3%A7_%C4%B0stanbul'
For more information check: https://developer.mozilla.org/en-US/docs/Web/HTTP/Status/403
[2026-07-16 18:30:30,215] async_scraper - WARNING - ⚠️ Asenkron Üç Kağıtçı (roman) hatası: Client error '403 Forbidden' for url 'https://tr.wikipedia.org/wiki/%C3%9C%C3%A7_Ka%C4%9F%C4%B1t%C3%A7%C4%B1_(roman)'
For more information check: https://developer.mozilla.org/en-US/docs/Web/HTTP/Status/403
[2026-07-16 18:30:30,225] async_scraper - WARNING - ⚠️ Asenkron Yaraya Tuz Basmak hatası: Client error '403 Forbidden' for url 'https://tr.wikipedia.org/wiki/Yaraya_Tuz_Basmak'
For more information check: https://developer.mozilla.org/en-US/docs/Web/HTTP/Status/403
[2026-07-16 18:30:30,282] async_scraper - WARNING - ⚠️ Asenkron Yılkı Atı hatası: Client error '403 Forbidden' for url 'https://tr.wikipedia.org/wiki/Y%C4%B1lk%C4%B1_At%C4%B1'
For more information check: https://developer.mozilla.org/en-US/docs/Web/HTTP/Status/403
[2026-07-16 18:30:30,283] async_scraper - WARNING - ⚠️ Asenkron Zahit hatası: Client error '403 Forbidden' for url 'https://tr.wikipedia.org/wiki/Zahit'
For more information check: https://developer.mozilla.org/en-US/docs/Web/HTTP/Status/403
[2026-07-16 18:30:30,283] async_scraper - INFO -   ✅ Asenkron tamamlandı: 0 roman, 0.94s, 33 hata
[2026-07-16 18:32:17,859] async_scraper - INFO - [33m🐢 SENKRON çekme başlatılıyor (33 sayfa)...[0m
[2026-07-16 18:32:22,893] async_scraper - INFO -   📊 Senkron ilerleme: 10/33
[2026-07-16 18:32:27,814] async_scraper - INFO -   📊 Senkron ilerleme: 20/33
[2026-07-16 18:32:32,730] async_scraper - INFO -   📊 Senkron ilerleme: 30/33
[2026-07-16 18:32:34,127] async_scraper - INFO -   ✅ Senkron tamamlandı: 33 roman, 16.27s, 0 hata
[2026-07-16 18:32:35,702] async_scraper - INFO - [32m🚀 ASENKRON çekme başlatılıyor (33 sayfa, max 5 eşzamanlı, Chrome TLS taklidi)...[0m
[2026-07-16 18:32:35,702] async_scraper - INFO -   📡 33 görev oluşturuldu, çalıştırılıyor...
[2026-07-16 18:32:38,332] async_scraper - INFO -   ✅ Asenkron tamamlandı: 33 roman, 2.63s, 0 hata
