[2026-07-16 17:43:34,874] books_scraper - INFO - Kazıma başlıyor — toplam 50 sayfa taranacak.
[2026-07-16 17:43:34,874] books_scraper - INFO - Sayfa 1/50 çekiliyor: http://books.toscrape.com/catalogue/page-1.html
[2026-07-16 17:43:36,810] books_scraper - INFO - Sayfa 2/50 çekiliyor: http://books.toscrape.com/catalogue/page-2.html
[2026-07-16 17:43:38,106] books_scraper - INFO - Sayfa 3/50 çekiliyor: http://books.toscrape.com/catalogue/page-3.html
[2026-07-16 17:43:39,599] books_scraper - INFO - Sayfa 4/50 çekiliyor: http://books.toscrape.com/catalogue/page-4.html
[2026-07-16 17:43:40,623] books_scraper - INFO - Sayfa 5/50 çekiliyor: http://books.toscrape.com/catalogue/page-5.html
[2026-07-16 17:43:41,994] books_scraper - INFO - Sayfa 6/50 çekiliyor: http://books.toscrape.com/catalogue/page-6.html
[2026-07-16 17:43:43,576] books_scraper - INFO - Sayfa 7/50 çekiliyor: http://books.toscrape.com/catalogue/page-7.html
[2026-07-16 17:43:45,007] books_scraper - INFO - Sayfa 8/50 çekiliyor: http://books.toscrape.com/catalogue/page-8.html
[2026-07-16 17:43:46,498] books_scraper - INFO - Sayfa 9/50 çekiliyor: http://books.toscrape.com/catalogue/page-9.html
[2026-07-16 17:43:47,524] books_scraper - INFO - Sayfa 10/50 çekiliyor: http://books.toscrape.com/catalogue/page-10.html
[2026-07-16 17:43:48,973] books_scraper - INFO - Sayfa 11/50 çekiliyor: http://books.toscrape.com/catalogue/page-11.html
[2026-07-16 17:43:50,681] books_scraper - INFO - Sayfa 12/50 çekiliyor: http://books.toscrape.com/catalogue/page-12.html
[2026-07-16 17:43:52,663] books_scraper - INFO - Sayfa 13/50 çekiliyor: http://books.toscrape.com/catalogue/page-13.html
[2026-07-16 17:43:54,245] books_scraper - INFO - Sayfa 14/50 çekiliyor: http://books.toscrape.com/catalogue/page-14.html
[2026-07-16 17:43:55,756] books_scraper - INFO - Sayfa 15/50 çekiliyor: http://books.toscrape.com/catalogue/page-15.html
[2026-07-16 17:43:57,201] books_scraper - INFO - Sayfa 16/50 çekiliyor: http://books.toscrape.com/catalogue/page-16.html
[2026-07-16 17:43:58,848] books_scraper - INFO - Sayfa 17/50 çekiliyor: http://books.toscrape.com/catalogue/page-17.html
[2026-07-16 17:44:00,816] books_scraper - INFO - Sayfa 18/50 çekiliyor: http://books.toscrape.com/catalogue/page-18.html
[2026-07-16 17:44:02,019] books_scraper - INFO - Sayfa 19/50 çekiliyor: http://books.toscrape.com/catalogue/page-19.html
[2026-07-16 17:44:03,260] books_scraper - INFO - Sayfa 20/50 çekiliyor: http://books.toscrape.com/catalogue/page-20.html
[2026-07-16 17:44:05,034] books_scraper - INFO - Sayfa 21/50 çekiliyor: http://books.toscrape.com/catalogue/page-21.html
[2026-07-16 17:44:06,554] books_scraper - INFO - Sayfa 22/50 çekiliyor: http://books.toscrape.com/catalogue/page-22.html
[2026-07-16 17:44:07,720] books_scraper - INFO - Sayfa 23/50 çekiliyor: http://books.toscrape.com/catalogue/page-23.html
[2026-07-16 17:44:09,139] books_scraper - INFO - Sayfa 24/50 çekiliyor: http://books.toscrape.com/catalogue/page-24.html
[2026-07-16 17:44:10,169] books_scraper - INFO - Sayfa 25/50 çekiliyor: http://books.toscrape.com/catalogue/page-25.html
[2026-07-16 17:44:11,740] books_scraper - INFO - Sayfa 26/50 çekiliyor: http://books.toscrape.com/catalogue/page-26.html
[2026-07-16 17:44:12,960] books_scraper - INFO - Sayfa 27/50 çekiliyor: http://books.toscrape.com/catalogue/page-27.html
[2026-07-16 17:44:14,559] books_scraper - INFO - Sayfa 28/50 çekiliyor: http://books.toscrape.com/catalogue/page-28.html
[2026-07-16 17:44:15,768] books_scraper - INFO - Sayfa 29/50 çekiliyor: http://books.toscrape.com/catalogue/page-29.html
[2026-07-16 17:44:17,547] books_scraper - INFO - Sayfa 30/50 çekiliyor: http://books.toscrape.com/catalogue/page-30.html
[2026-07-16 17:44:18,568] books_scraper - INFO - Sayfa 31/50 çekiliyor: http://books.toscrape.com/catalogue/page-31.html
[2026-07-16 17:44:20,244] books_scraper - INFO - Sayfa 32/50 çekiliyor: http://books.toscrape.com/catalogue/page-32.html
[2026-07-16 17:44:21,403] books_scraper - INFO - Sayfa 33/50 çekiliyor: http://books.toscrape.com/catalogue/page-33.html
[2026-07-16 17:44:22,890] books_scraper - INFO - Sayfa 34/50 çekiliyor: http://books.toscrape.com/catalogue/page-34.html
[2026-07-16 17:44:24,529] books_scraper - INFO - Sayfa 35/50 çekiliyor: http://books.toscrape.com/catalogue/page-35.html
[2026-07-16 17:44:25,911] books_scraper - INFO - Sayfa 36/50 çekiliyor: http://books.toscrape.com/catalogue/page-36.html
[2026-07-16 17:44:27,233] books_scraper - INFO - Sayfa 37/50 çekiliyor: http://books.toscrape.com/catalogue/page-37.html
[2026-07-16 17:44:28,445] books_scraper - INFO - Sayfa 38/50 çekiliyor: http://books.toscrape.com/catalogue/page-38.html
[2026-07-16 17:44:29,706] books_scraper - INFO - Sayfa 39/50 çekiliyor: http://books.toscrape.com/catalogue/page-39.html
[2026-07-16 17:44:31,466] books_scraper - INFO - Sayfa 40/50 çekiliyor: http://books.toscrape.com/catalogue/page-40.html
[2026-07-16 17:44:33,210] books_scraper - INFO - Sayfa 41/50 çekiliyor: http://books.toscrape.com/catalogue/page-41.html
[2026-07-16 17:44:34,419] books_scraper - INFO - Sayfa 42/50 çekiliyor: http://books.toscrape.com/catalogue/page-42.html
[2026-07-16 17:44:36,171] books_scraper - INFO - Sayfa 43/50 çekiliyor: http://books.toscrape.com/catalogue/page-43.html
[2026-07-16 17:44:37,989] books_scraper - INFO - Sayfa 44/50 çekiliyor: http://books.toscrape.com/catalogue/page-44.html
[2026-07-16 17:44:39,614] books_scraper - INFO - Sayfa 45/50 çekiliyor: http://books.toscrape.com/catalogue/page-45.html
[2026-07-16 17:44:40,609] books_scraper - INFO - Sayfa 46/50 çekiliyor: http://books.toscrape.com/catalogue/page-46.html
[2026-07-16 17:44:42,408] books_scraper - INFO - Sayfa 47/50 çekiliyor: http://books.toscrape.com/catalogue/page-47.html
[2026-07-16 17:44:43,559] books_scraper - INFO - Sayfa 48/50 çekiliyor: http://books.toscrape.com/catalogue/page-48.html
[2026-07-16 17:44:45,135] books_scraper - INFO - Sayfa 49/50 çekiliyor: http://books.toscrape.com/catalogue/page-49.html
[2026-07-16 17:44:46,689] books_scraper - INFO - Sayfa 50/50 çekiliyor: http://books.toscrape.com/catalogue/page-50.html
[2026-07-16 17:44:47,180] books_scraper - INFO - Kazıma tamamlandı. Toplam: 1000 kitap, 0 hata.
[2026-07-16 18:18:19,434] books_scraper - INFO - 'Kategori:Türk romanları' kategorisinden roman listesi çekiliyor...
[2026-07-16 18:18:20,000] books_scraper - INFO - 33 roman bulundu.
[2026-07-16 18:18:20,002] books_scraper - INFO - Roman işleniyor (1/33): Barbarın Kahkahası
[2026-07-16 18:18:21,286] books_scraper - INFO - Roman işleniyor (2/33): Başın Öne Eğilmesin
[2026-07-16 18:18:22,776] books_scraper - INFO - Roman işleniyor (3/33): Biz İnsanlar
[2026-07-16 18:18:24,329] books_scraper - INFO - Roman işleniyor (4/33): Cemo (roman)
[2026-07-16 18:18:25,621] books_scraper - INFO - Roman işleniyor (5/33): Çanakkale Mahşeri
[2026-07-16 18:18:27,546] books_scraper - INFO - Roman işleniyor (6/33): Deli Kurt
[2026-07-16 18:18:28,572] books_scraper - INFO - Roman işleniyor (7/33): Deliduman
[2026-07-16 18:18:30,444] books_scraper - INFO - Roman işleniyor (8/33): Dünya Döner Renkler Kalır
[2026-07-16 18:18:32,557] books_scraper - INFO - Roman işleniyor (9/33): Dünyanın En Pis Sokağı
[2026-07-16 18:18:34,534] books_scraper - INFO - Roman işleniyor (10/33): Düşler ve Gerçekler
[2026-07-16 18:18:36,060] books_scraper - INFO - Roman işleniyor (11/33): Gazi Paşa
[2026-07-16 18:18:38,085] books_scraper - INFO - Roman işleniyor (12/33): General Uçtu
[2026-07-16 18:18:39,899] books_scraper - INFO - Roman işleniyor (13/33): Gönül Hanım
[2026-07-16 18:18:41,897] books_scraper - INFO - Roman işleniyor (14/33): Gözüm Yaşı Tuna Selidir Şimdi
[2026-07-16 18:18:43,682] books_scraper - INFO - Roman işleniyor (15/33): Halkalı Köle (roman)
[2026-07-16 18:18:45,080] books_scraper - INFO - Roman işleniyor (16/33): İçi Yoksul
[2026-07-16 18:18:46,457] books_scraper - INFO - Roman işleniyor (17/33): İkra
[2026-07-16 18:18:48,566] books_scraper - INFO - Roman işleniyor (18/33): Kahramanlar Doğmalıydı
[2026-07-16 18:18:50,578] books_scraper - INFO - Roman işleniyor (19/33): Kurtlar Sofrası (roman)
[2026-07-16 18:18:52,185] books_scraper - INFO - Roman işleniyor (20/33): Küçük Paşa
[2026-07-16 18:18:54,180] books_scraper - INFO - Roman işleniyor (21/33): Minare Gölgesi
[2026-07-16 18:18:55,602] books_scraper - INFO - Roman işleniyor (22/33): Onuncu Köy (roman)
[2026-07-16 18:18:57,005] books_scraper - INFO - Roman işleniyor (23/33): Ölümü Bekleyen Kent
[2026-07-16 18:18:58,763] books_scraper - INFO - Roman işleniyor (24/33): Sırrımsın Sırdaşımsın
[2026-07-16 18:19:00,203] books_scraper - INFO - Roman işleniyor (25/33): Tatlı Betüş
[2026-07-16 18:19:02,187] books_scraper - INFO - Roman işleniyor (26/33): Toprak Uyanırsa
[2026-07-16 18:19:03,215] books_scraper - INFO - Roman işleniyor (27/33): Türk edebiyatında roman
[2026-07-16 18:19:04,480] books_scraper - INFO - Roman işleniyor (28/33): Uzay Çiftçileri
[2026-07-16 18:19:06,207] books_scraper - INFO - Roman işleniyor (29/33): Üç İstanbul
[2026-07-16 18:19:07,582] books_scraper - INFO - Roman işleniyor (30/33): Üç Kağıtçı (roman)
[2026-07-16 18:19:09,109] books_scraper - INFO - Roman işleniyor (31/33): Yaraya Tuz Basmak
[2026-07-16 18:19:10,718] books_scraper - INFO - Roman işleniyor (32/33): Yılkı Atı
[2026-07-16 18:19:11,820] books_scraper - INFO - Roman işleniyor (33/33): Zahit
