[2026-07-16 18:39:26,516] DynamicSearchScraper - INFO - [32mChrome WebDriver başarıyla oluşturuldu (dahili yönetici)
[2026-07-16 18:39:26,517] DynamicSearchScraper - INFO - [32m🚀 Tarayıcı başlatıldı
[2026-07-16 18:39:27,429] DynamicSearchScraper - INFO - [32m✅ Ana sayfa yüklendi
[2026-07-16 18:39:27,429] DynamicSearchScraper - INFO - [36m🔤 Aranıyor: 'İstanbul'
[2026-07-16 18:39:27,968] DynamicSearchScraper - ERROR - [31m'İstanbul' işlenirken hata: Message: stale element reference: stale element not found in the current frame
  (Session info: chrome=150.0.7871.115); For documentation on this error, please visit: https://www.selenium.dev/documentation/webdriver/troubleshooting/errors#staleelementreferenceexception
Stacktrace:
	chromedriver!GetHandleVerifier [0x7ff785b40d25+155a5]
	chromedriver!GetHandleVerifier [0x7ff785b40d80+15600]
	chromedriver!(No symbol) [0x7ff78569594d]
	chromedriver!(No symbol) [0x7ff78569d8c1]
	chromedriver!(No symbol) [0x7ff7856a0885]
	chromedriver!(No symbol) [0x7ff7856a094f]
	chromedriver!(No symbol) [0x7ff7856f19c0]
	chromedriver!(No symbol) [0x7ff7856e88c4]
	chromedriver!(No symbol) [0x7ff7857191ca]
	chromedriver!(No symbol) [0x7ff7856e4616]
	chromedriver!(No symbol) [0x7ff78573e01b]
	chromedriver!(No symbol) [0x7ff7856e2e6c]
	chromedriver!(No symbol) [0x7ff7856e3d93]
	chromedriver!GetHandleVerifier [0x7ff786126431+5facb1]
	chromedriver!GetHandleVerifier [0x7ff786120a9b+5f531b]
	chromedriver!GetHandleVerifier [0x7ff786145865+61a0e5]
	chromedriver!GetHandleVerifier [0x7ff785b5dace+3234e]
	chromedriver!GetHandleVerifier [0x7ff785b6661c+3ae9c]
	chromedriver!GetHandleVerifier [0x7ff785b4ab74+1f3f4]
	chromedriver!GetHandleVerifier [0x7ff785b4ad04+1f584]
	chromedriver!GetHandleVerifier [0x7ff785b2d9d7+2257]
	KERNEL32!BaseThreadInitThunk [0x7ffccd41e957+17]
	ntdll!RtlUserThreadStart [0x7ffccdcc7c1c+2c]

[2026-07-16 18:39:29,201] DynamicSearchScraper - INFO - [36m🔤 Aranıyor: 'Atatürk'
[2026-07-16 18:39:39,759] DynamicSearchScraper - WARNING - [33m⏳ 'Atatürk' için öneri dropdown'u yüklenemedi[0m
[2026-07-16 18:39:41,159] DynamicSearchScraper - INFO - [36m🔤 Aranıyor: 'Türk edebiyatı'
[2026-07-16 18:39:51,724] DynamicSearchScraper - WARNING - [33m⏳ 'Türk edebiyatı' için öneri dropdown'u yüklenemedi[0m
[2026-07-16 18:39:53,019] DynamicSearchScraper - INFO - [36m🔤 Aranıyor: 'Kapadokya'
[2026-07-16 18:40:03,579] DynamicSearchScraper - WARNING - [33m⏳ 'Kapadokya' için öneri dropdown'u yüklenemedi[0m
[2026-07-16 18:40:04,583] DynamicSearchScraper - INFO - [36m🔤 Aranıyor: 'Orhan Pamuk'
[2026-07-16 18:40:15,146] DynamicSearchScraper - WARNING - [33m⏳ 'Orhan Pamuk' için öneri dropdown'u yüklenemedi[0m
[2026-07-16 18:40:18,214] DynamicSearchScraper - INFO - [33m🔒 Tarayıcı kapatıldı
[2026-07-16 18:41:59,704] DynamicSearchScraper - INFO - [32mChrome WebDriver başarıyla oluşturuldu (dahili yönetici)
[2026-07-16 18:41:59,706] DynamicSearchScraper - INFO - [32m🚀 Tarayıcı başlatıldı
[2026-07-16 18:41:59,706] DynamicSearchScraper - INFO - [36m🔤 Aranıyor: 'İstanbul'
[2026-07-16 18:42:02,844] DynamicSearchScraper - INFO - [36m📸 Ekran görüntüsü kaydedildi: C:\Users\orucs\OneDrive\Desktop\staj\3-4-5\web_scraping\02_selenium\..\data\screenshots\arama_i̇stanbul.png
[2026-07-16 18:42:02,866] DynamicSearchScraper - INFO -   → 'İstanbul' için 11 öneri bulundu
[2026-07-16 18:42:14,030] DynamicSearchScraper - INFO - [36m🔤 Aranıyor: 'Atatürk'
[2026-07-16 18:42:16,079] DynamicSearchScraper - INFO - [36m📸 Ekran görüntüsü kaydedildi: C:\Users\orucs\OneDrive\Desktop\staj\3-4-5\web_scraping\02_selenium\..\data\screenshots\arama_atatürk.png
[2026-07-16 18:42:16,087] DynamicSearchScraper - INFO -   → 'Atatürk' için 11 öneri bulundu
[2026-07-16 18:42:22,731] DynamicSearchScraper - INFO - [36m🔤 Aranıyor: 'Türk edebiyatı'
[2026-07-16 18:42:24,565] DynamicSearchScraper - INFO - [36m📸 Ekran görüntüsü kaydedildi: C:\Users\orucs\OneDrive\Desktop\staj\3-4-5\web_scraping\02_selenium\..\data\screenshots\arama_türk_edebiyatı.png
[2026-07-16 18:42:24,574] DynamicSearchScraper - INFO -   → 'Türk edebiyatı' için 11 öneri bulundu
[2026-07-16 18:43:01,252] DynamicSearchScraper - INFO - [36m🔤 Aranıyor: 'Kapadokya'
[2026-07-16 18:43:02,972] DynamicSearchScraper - INFO - [36m📸 Ekran görüntüsü kaydedildi: C:\Users\orucs\OneDrive\Desktop\staj\3-4-5\web_scraping\02_selenium\..\data\screenshots\arama_kapadokya.png
[2026-07-16 18:43:02,981] DynamicSearchScraper - INFO -   → 'Kapadokya' için 11 öneri bulundu
[2026-07-16 18:43:24,304] DynamicSearchScraper - INFO - [36m🔤 Aranıyor: 'Orhan Pamuk'
[2026-07-16 18:43:25,845] DynamicSearchScraper - INFO - [36m📸 Ekran görüntüsü kaydedildi: C:\Users\orucs\OneDrive\Desktop\staj\3-4-5\web_scraping\02_selenium\..\data\screenshots\arama_orhan_pamuk.png
[2026-07-16 18:43:25,853] DynamicSearchScraper - INFO -   → 'Orhan Pamuk' için 4 öneri bulundu
[2026-07-16 18:43:29,233] DynamicSearchScraper - ERROR - [31m'Orhan Pamuk' işlenirken hata: Message: tab crashed
  (Session info: chrome=150.0.7871.115)

[2026-07-16 18:43:56,008] DynamicSearchScraper - INFO - [32mChrome WebDriver başarıyla oluşturuldu (dahili yönetici)
[2026-07-16 18:43:56,008] DynamicSearchScraper - INFO - [32m🚀 Tarayıcı başlatıldı
[2026-07-16 18:43:56,009] DynamicSearchScraper - INFO - [36m🔤 Aranıyor: 'İstanbul'
[2026-07-16 18:43:57,705] DynamicSearchScraper - INFO - [36m📸 Ekran görüntüsü kaydedildi: C:\Users\orucs\OneDrive\Desktop\staj\3-4-5\web_scraping\02_selenium\..\data\screenshots\arama_i̇stanbul.png
[2026-07-16 18:43:57,712] DynamicSearchScraper - INFO -   → 'İstanbul' için 11 öneri bulundu
[2026-07-16 18:44:09,392] DynamicSearchScraper - INFO - [36m🔤 Aranıyor: 'Atatürk'
[2026-07-16 18:44:11,541] DynamicSearchScraper - INFO - [36m📸 Ekran görüntüsü kaydedildi: C:\Users\orucs\OneDrive\Desktop\staj\3-4-5\web_scraping\02_selenium\..\data\screenshots\arama_atatürk.png
[2026-07-16 18:44:11,547] DynamicSearchScraper - INFO -   → 'Atatürk' için 11 öneri bulundu
[2026-07-16 18:44:17,955] DynamicSearchScraper - INFO - [36m🔤 Aranıyor: 'Türk edebiyatı'
[2026-07-16 18:44:19,018] DynamicSearchScraper - INFO - [36m📸 Ekran görüntüsü kaydedildi: C:\Users\orucs\OneDrive\Desktop\staj\3-4-5\web_scraping\02_selenium\..\data\screenshots\arama_türk_edebiyatı.png
[2026-07-16 18:44:19,024] DynamicSearchScraper - INFO -   → 'Türk edebiyatı' için 11 öneri bulundu
[2026-07-16 18:44:55,649] DynamicSearchScraper - INFO - [36m🔤 Aranıyor: 'Kapadokya'
[2026-07-16 18:44:56,739] DynamicSearchScraper - INFO - [36m📸 Ekran görüntüsü kaydedildi: C:\Users\orucs\OneDrive\Desktop\staj\3-4-5\web_scraping\02_selenium\..\data\screenshots\arama_kapadokya.png
[2026-07-16 18:44:56,744] DynamicSearchScraper - INFO -   → 'Kapadokya' için 11 öneri bulundu
[2026-07-16 18:45:18,082] DynamicSearchScraper - INFO - [36m🔤 Aranıyor: 'Orhan Pamuk'
[2026-07-16 18:45:18,453] DynamicSearchScraper - ERROR - [31m'Orhan Pamuk' işlenirken hata: Message: element not interactable
  (Session info: chrome=150.0.7871.115); For documentation on this error, please visit: https://www.selenium.dev/documentation/webdriver/troubleshooting/errors#elementnotinteractableexception
Stacktrace:
	chromedriver!GetHandleVerifier [0x7ff785b40d25+155a5]
	chromedriver!GetHandleVerifier [0x7ff785b40d80+15600]
	chromedriver!(No symbol) [0x7ff785695736]
	chromedriver!(No symbol) [0x7ff7856eb6f9]
	chromedriver!(No symbol) [0x7ff7856e92ca]
	chromedriver!(No symbol) [0x7ff7857191ca]
	chromedriver!(No symbol) [0x7ff7856e4616]
	chromedriver!(No symbol) [0x7ff78573e01b]
	chromedriver!(No symbol) [0x7ff7856e2e6c]
	chromedriver!(No symbol) [0x7ff7856e3d93]
	chromedriver!GetHandleVerifier [0x7ff786126431+5facb1]
	chromedriver!GetHandleVerifier [0x7ff786120a9b+5f531b]
	chromedriver!GetHandleVerifier [0x7ff786145865+61a0e5]
	chromedriver!GetHandleVerifier [0x7ff785b5dace+3234e]
	chromedriver!GetHandleVerifier [0x7ff785b6661c+3ae9c]
	chromedriver!GetHandleVerifier [0x7ff785b4ab74+1f3f4]
	chromedriver!GetHandleVerifier [0x7ff785b4ad04+1f584]
	chromedriver!GetHandleVerifier [0x7ff785b2d9d7+2257]
	KERNEL32!BaseThreadInitThunk [0x7ffccd41e957+17]
	ntdll!RtlUserThreadStart [0x7ffccdcc7c1c+2c]

[2026-07-16 18:45:20,097] DynamicSearchScraper - INFO - [33m🔒 Tarayıcı kapatıldı
