[2026-07-16 17:51:39,928] playwright_network_intercept - INFO - 🔌 Ağ dinleyicisi bağlandı — tüm trafik izleniyor
[2026-07-16 17:51:39,929] playwright_network_intercept - INFO - 
🚀 Hedef sayfaya gidiliyor: https://quotes.toscrape.com/scroll
[2026-07-16 17:51:41,342] playwright_network_intercept - INFO -   🌐 API İsteği: [32mGET[0m [36mhttps://quotes.toscrape.com/api/quotes?page=1[0m [200]
[2026-07-16 17:51:41,345] playwright_network_intercept - INFO -   📝 API'den [32m10[0m alıntı çıkarıldı (Sayfa: 1, Sonraki var: True)
[2026-07-16 17:51:43,871] playwright_network_intercept - INFO - 📄 Sayfa başlığı: Quotes to Scrape
[2026-07-16 17:51:43,872] playwright_network_intercept - INFO - 
📜 Sonsuz kaydırma başlatılıyor (maks. 15 kaydırma)...
[2026-07-16 17:51:43,894] playwright_network_intercept - INFO -   📜 Kaydırma #1 — Sayfa yüksekliği: 1605px
[2026-07-16 17:51:44,131] playwright_network_intercept - INFO -   🌐 API İsteği: [32mGET[0m [36mhttps://quotes.toscrape.com/api/quotes?page=2[0m [200]
[2026-07-16 17:51:44,135] playwright_network_intercept - INFO -   📝 API'den [32m10[0m alıntı çıkarıldı (Sayfa: 2, Sonraki var: True)
[2026-07-16 17:51:45,414] playwright_network_intercept - INFO -   📜 Kaydırma #2 — Sayfa yüksekliği: 3554px
[2026-07-16 17:51:45,583] playwright_network_intercept - INFO -   🌐 API İsteği: [32mGET[0m [36mhttps://quotes.toscrape.com/api/quotes?page=3[0m [200]
[2026-07-16 17:51:45,587] playwright_network_intercept - INFO -   📝 API'den [32m10[0m alıntı çıkarıldı (Sayfa: 3, Sonraki var: True)
[2026-07-16 17:51:46,923] playwright_network_intercept - INFO -   📜 Kaydırma #3 — Sayfa yüksekliği: 5118px
[2026-07-16 17:51:47,095] playwright_network_intercept - INFO -   🌐 API İsteği: [32mGET[0m [36mhttps://quotes.toscrape.com/api/quotes?page=4[0m [200]
[2026-07-16 17:51:47,099] playwright_network_intercept - INFO -   📝 API'den [32m10[0m alıntı çıkarıldı (Sayfa: 4, Sonraki var: True)
[2026-07-16 17:51:48,447] playwright_network_intercept - INFO -   📜 Kaydırma #4 — Sayfa yüksekliği: 6579px
[2026-07-16 17:51:48,617] playwright_network_intercept - INFO -   🌐 API İsteği: [32mGET[0m [36mhttps://quotes.toscrape.com/api/quotes?page=5[0m [200]
[2026-07-16 17:51:48,619] playwright_network_intercept - INFO -   📝 API'den [32m10[0m alıntı çıkarıldı (Sayfa: 5, Sonraki var: True)
[2026-07-16 17:51:49,957] playwright_network_intercept - INFO -   📜 Kaydırma #5 — Sayfa yüksekliği: 8066px
[2026-07-16 17:51:50,125] playwright_network_intercept - INFO -   🌐 API İsteği: [32mGET[0m [36mhttps://quotes.toscrape.com/api/quotes?page=6[0m [200]
[2026-07-16 17:51:50,127] playwright_network_intercept - INFO -   📝 API'den [32m10[0m alıntı çıkarıldı (Sayfa: 6, Sonraki var: True)
[2026-07-16 17:51:51,476] playwright_network_intercept - INFO -   📜 Kaydırma #6 — Sayfa yüksekliği: 9578px
[2026-07-16 17:51:51,645] playwright_network_intercept - INFO -   🌐 API İsteği: [32mGET[0m [36mhttps://quotes.toscrape.com/api/quotes?page=7[0m [200]
[2026-07-16 17:51:51,647] playwright_network_intercept - INFO -   📝 API'den [32m10[0m alıntı çıkarıldı (Sayfa: 7, Sonraki var: True)
[2026-07-16 17:51:52,984] playwright_network_intercept - INFO -   📜 Kaydırma #7 — Sayfa yüksekliği: 11245px
[2026-07-16 17:51:53,149] playwright_network_intercept - INFO -   🌐 API İsteği: [32mGET[0m [36mhttps://quotes.toscrape.com/api/quotes?page=8[0m [200]
[2026-07-16 17:51:53,151] playwright_network_intercept - INFO -   📝 API'den [32m10[0m alıntı çıkarıldı (Sayfa: 8, Sonraki var: True)
[2026-07-16 17:51:54,490] playwright_network_intercept - INFO -   📜 Kaydırma #8 — Sayfa yüksekliği: 12757px
[2026-07-16 17:51:54,658] playwright_network_intercept - INFO -   🌐 API İsteği: [32mGET[0m [36mhttps://quotes.toscrape.com/api/quotes?page=9[0m [200]
[2026-07-16 17:51:54,660] playwright_network_intercept - INFO -   📝 API'den [32m10[0m alıntı çıkarıldı (Sayfa: 9, Sonraki var: True)
[2026-07-16 17:51:56,000] playwright_network_intercept - INFO -   📜 Kaydırma #9 — Sayfa yüksekliği: 14424px
[2026-07-16 17:51:56,169] playwright_network_intercept - INFO -   🌐 API İsteği: [32mGET[0m [36mhttps://quotes.toscrape.com/api/quotes?page=10[0m [200]
[2026-07-16 17:51:56,171] playwright_network_intercept - INFO -   📝 API'den [32m10[0m alıntı çıkarıldı (Sayfa: 10, Sonraki var: False)
[2026-07-16 17:51:57,509] playwright_network_intercept - INFO -   📜 Kaydırma #10 — Sayfa yüksekliği: 15911px
[2026-07-16 17:51:59,030] playwright_network_intercept - INFO -   📏 Sayfa sonuna ulaşıldı (kaydırma #10)
[2026-07-16 17:52:01,033] playwright_network_intercept - INFO - 
📋 DOM'dan alıntılar toplanıyor (karşılaştırma için)...
[2026-07-16 17:52:02,816] playwright_network_intercept - INFO -   DOM'dan [32m100[0m alıntı toplandı
[2026-07-16 17:52:02,816] playwright_network_intercept - INFO - 
🔌 API yanıtlarından alıntılar birleştiriliyor...
[2026-07-16 17:52:02,816] playwright_network_intercept - INFO -   API'den [32m100[0m alıntı yakalandı
[2026-07-16 17:52:04,639] playwright_network_intercept - INFO - 🔒 Tarayıcı kapatıldı
[2026-07-16 18:50:20,889] playwright_network_intercept - INFO - 🔌 Ağ dinleyicisi bağlandı — tüm trafik izleniyor
[2026-07-16 18:50:20,889] playwright_network_intercept - INFO - 
🔤 Aranıyor: 'İstanbul'
[2026-07-16 18:50:23,140] playwright_network_intercept - INFO -   🌐 API İsteği: [32mGET[0m [36mhttps://tr.wikipedia.org/w/api.php?action=cirrus-config-dump&format=json&formatversion=2&prop=usertesting[0m [200]
[2026-07-16 18:50:23,419] playwright_network_intercept - INFO -   🌐 API İsteği: [32mGET[0m [36mhttps://tr.wikipedia.org/w/rest.php/v1/search/title?q=%C4%B0stanbu&limit=10[0m [200]
[2026-07-16 18:50:23,421] playwright_network_intercept - INFO -   🌐 API İsteği: [32mGET[0m [36mhttps://tr.wikipedia.org/w/rest.php/v1/search/title?q=%C4%B0stanbul&limit=10[0m [200]
[2026-07-16 18:50:23,434] playwright_network_intercept - INFO -   📝 API'den [32m10[0m arama sonucu yakalandı
[2026-07-16 18:50:23,435] playwright_network_intercept - INFO -   📝 API'den [32m10[0m arama sonucu yakalandı
[2026-07-16 18:50:24,034] playwright_network_intercept - INFO -   DOM'dan 10 sonuç toplandı
[2026-07-16 18:50:24,492] playwright_network_intercept - INFO - 
🔤 Aranıyor: 'Atatürk'
[2026-07-16 18:50:25,520] playwright_network_intercept - INFO -   🌐 API İsteği: [32mGET[0m [36mhttps://tr.wikipedia.org/w/rest.php/v1/search/title?q=Atat%C3%BCrk&limit=10[0m [200]
[2026-07-16 18:50:25,547] playwright_network_intercept - INFO -   📝 API'den [32m10[0m arama sonucu yakalandı
[2026-07-16 18:50:26,138] playwright_network_intercept - INFO -   DOM'dan 10 sonuç toplandı
[2026-07-16 18:50:26,742] playwright_network_intercept - INFO - 
🔤 Aranıyor: 'Türk edebiyatı'
[2026-07-16 18:50:27,094] playwright_network_intercept - INFO -   🌐 API İsteği: [32mGET[0m [36mhttps://tr.wikipedia.org/w/rest.php/v1/search/title?q=T&limit=10[0m [200]
[2026-07-16 18:50:27,117] playwright_network_intercept - INFO -   📝 API'den [32m10[0m arama sonucu yakalandı
[2026-07-16 18:50:28,055] playwright_network_intercept - INFO -   🌐 API İsteği: [32mGET[0m [36mhttps://tr.wikipedia.org/w/rest.php/v1/search/title?q=T%C3%BCrk+edebiyat&limit=10[0m [200]
[2026-07-16 18:50:28,074] playwright_network_intercept - INFO -   📝 API'den [32m10[0m arama sonucu yakalandı
[2026-07-16 18:50:28,199] playwright_network_intercept - INFO -   🌐 API İsteği: [32mGET[0m [36mhttps://tr.wikipedia.org/w/rest.php/v1/search/title?q=T%C3%BCrk+edebiyat%C4%B1&limit=10[0m [200]
[2026-07-16 18:50:28,203] playwright_network_intercept - INFO -   📝 API'den [32m10[0m arama sonucu yakalandı
[2026-07-16 18:50:28,539] playwright_network_intercept - INFO -   DOM'dan 10 sonuç toplandı
[2026-07-16 18:50:28,919] playwright_network_intercept - INFO - 
🔤 Aranıyor: 'Kapadokya'
[2026-07-16 18:50:29,485] playwright_network_intercept - INFO -   🌐 API İsteği: [32mGET[0m [36mhttps://tr.wikipedia.org/w/rest.php/v1/search/title?q=K&limit=10[0m [200]
[2026-07-16 18:50:29,495] playwright_network_intercept - INFO -   📝 API'den [32m10[0m arama sonucu yakalandı
[2026-07-16 18:50:30,125] playwright_network_intercept - INFO -   🌐 API İsteği: [32mGET[0m [36mhttps://tr.wikipedia.org/w/rest.php/v1/search/title?q=Kapadokya&limit=10[0m [200]
[2026-07-16 18:50:30,139] playwright_network_intercept - INFO -   📝 API'den [32m10[0m arama sonucu yakalandı
[2026-07-16 18:50:30,577] playwright_network_intercept - INFO -   DOM'dan 10 sonuç toplandı
[2026-07-16 18:50:31,097] playwright_network_intercept - INFO - 
🔤 Aranıyor: 'Orhan Pamuk'
[2026-07-16 18:50:31,479] playwright_network_intercept - INFO -   🌐 API İsteği: [32mGET[0m [36mhttps://tr.wikipedia.org/w/rest.php/v1/search/title?q=O&limit=10[0m [200]
[2026-07-16 18:50:31,495] playwright_network_intercept - INFO -   📝 API'den [32m10[0m arama sonucu yakalandı
[2026-07-16 18:50:32,353] playwright_network_intercept - INFO -   🌐 API İsteği: [32mGET[0m [36mhttps://tr.wikipedia.org/w/rest.php/v1/search/title?q=Orhan+Pamuk&limit=10[0m [200]
[2026-07-16 18:50:32,357] playwright_network_intercept - INFO -   📝 API'den [32m3[0m arama sonucu yakalandı
[2026-07-16 18:50:32,611] playwright_network_intercept - INFO -   DOM'dan 3 sonuç toplandı
[2026-07-16 18:50:33,663] playwright_network_intercept - INFO - 🔒 Tarayıcı kapatıldı
[2026-07-16 18:50:33,676] playwright_network_intercept - INFO - 🔌 API'den toplam 93 sonuç yakalandı
