[2026-07-16 17:48:45,221] playwright_spa_scraper - INFO - 🚀 Ana sayfaya gidiliyor...
[2026-07-16 17:48:49,221] playwright_spa_scraper - INFO - 📸 Ekran görüntüsü kaydedildi: C:\Users\orucs\OneDrive\Desktop\staj\3-4-5\web_scraping\03_playwright\..\data\screenshots\anasayfa_20260716_174848.png
[2026-07-16 17:48:49,225] playwright_spa_scraper - INFO - 📄 Sayfa başlığı: Allinone | Web Scraper Test Sites
[2026-07-16 17:48:49,225] playwright_spa_scraper - INFO - 
📦 Ana sayfa ürünleri toplanıyor...
[2026-07-16 17:48:49,275] playwright_spa_scraper - INFO -   ✅ Ürün bulundu: Iconia B1-730HD - $99.99
[2026-07-16 17:48:49,307] playwright_spa_scraper - INFO -   ✅ Ürün bulundu: Galaxy Tab 3 - $97.99
[2026-07-16 17:48:49,337] playwright_spa_scraper - INFO -   ✅ Ürün bulundu: Acer Predator Helios 300 (PH317-51) - $1187.98
[2026-07-16 17:48:49,337] playwright_spa_scraper - INFO - ✅ Ana sayfada 3 ürün toplandı
[2026-07-16 17:48:49,337] playwright_spa_scraper - INFO - 
🔍 Kategoriler keşfediliyor...
[2026-07-16 17:48:49,349] playwright_spa_scraper - INFO - 🔍 2 kategori keşfedildi
[2026-07-16 17:48:49,350] playwright_spa_scraper - INFO -   📁 Computers: https://webscraper.io/test-sites/e-commerce/allinone/computers
[2026-07-16 17:48:49,350] playwright_spa_scraper - INFO -   📁 Phones: https://webscraper.io/test-sites/e-commerce/allinone/phones
[2026-07-16 17:48:49,350] playwright_spa_scraper - INFO - 
[1/2] Kategori işleniyor: Computers
[2026-07-16 17:48:49,350] playwright_spa_scraper - INFO - 
──────────────────────────────────────────────────
[2026-07-16 17:48:49,350] playwright_spa_scraper - INFO - 📂 Kategori: Computers
[2026-07-16 17:48:49,350] playwright_spa_scraper - INFO - 🔗 URL: https://webscraper.io/test-sites/e-commerce/allinone/computers
[2026-07-16 17:48:50,014] playwright_spa_scraper - INFO - 📸 Ekran görüntüsü kaydedildi: C:\Users\orucs\OneDrive\Desktop\staj\3-4-5\web_scraping\03_playwright\..\data\screenshots\kategori_computers_20260716_174849.png
[2026-07-16 17:48:50,052] playwright_spa_scraper - INFO -   ✅ Ürün bulundu: Lenovo ThinkPad E31-80 - $404.23
[2026-07-16 17:48:50,081] playwright_spa_scraper - INFO -   ✅ Ürün bulundu: Asus ROG Strix SCAR Edition GL503VM-ED115T - $1799
[2026-07-16 17:48:50,111] playwright_spa_scraper - INFO -   ✅ Ürün bulundu: Acer Aspire 3 A315-31 Black - $408.98
[2026-07-16 17:48:50,111] playwright_spa_scraper - INFO - 📦 Computers kategorisinde 3 ürün bulundu
[2026-07-16 17:48:50,133] playwright_spa_scraper - INFO - 
──────────────────────────────────────────────────
[2026-07-16 17:48:50,133] playwright_spa_scraper - INFO - 📂 Kategori: Computers > Laptops
[2026-07-16 17:48:50,133] playwright_spa_scraper - INFO - 🔗 URL: https://webscraper.io/test-sites/e-commerce/allinone/computers/laptops
[2026-07-16 17:48:51,299] playwright_spa_scraper - ERROR - ❌ Alt kategori hatası: Computers > Laptops - [Errno 22] Invalid argument: 'C:\\Users\\orucs\\OneDrive\\Desktop\\staj\\3-4-5\\web_scraping\\03_playwright\\..\\data\\screenshots\\kategori_computers_>_laptops_20260716_174850.png'
[2026-07-16 17:48:51,299] playwright_spa_scraper - INFO - 
──────────────────────────────────────────────────
[2026-07-16 17:48:51,299] playwright_spa_scraper - INFO - 📂 Kategori: Computers > Tablets
[2026-07-16 17:48:51,299] playwright_spa_scraper - INFO - 🔗 URL: https://webscraper.io/test-sites/e-commerce/allinone/computers/tablets
[2026-07-16 17:48:51,818] playwright_spa_scraper - ERROR - ❌ Alt kategori hatası: Computers > Tablets - [Errno 22] Invalid argument: 'C:\\Users\\orucs\\OneDrive\\Desktop\\staj\\3-4-5\\web_scraping\\03_playwright\\..\\data\\screenshots\\kategori_computers_>_tablets_20260716_174851.png'
[2026-07-16 17:48:52,694] playwright_spa_scraper - INFO - 
[2/2] Kategori işleniyor: Phones
[2026-07-16 17:48:52,694] playwright_spa_scraper - INFO - 
──────────────────────────────────────────────────
[2026-07-16 17:48:52,694] playwright_spa_scraper - INFO - 📂 Kategori: Phones
[2026-07-16 17:48:52,694] playwright_spa_scraper - INFO - 🔗 URL: https://webscraper.io/test-sites/e-commerce/allinone/phones
[2026-07-16 17:48:53,046] playwright_spa_scraper - INFO - 📸 Ekran görüntüsü kaydedildi: C:\Users\orucs\OneDrive\Desktop\staj\3-4-5\web_scraping\03_playwright\..\data\screenshots\kategori_phones_20260716_174852.png
[2026-07-16 17:48:53,083] playwright_spa_scraper - INFO -   ✅ Ürün bulundu: Iphone - $899.99
[2026-07-16 17:48:53,109] playwright_spa_scraper - INFO -   ✅ Ürün bulundu: LG Optimus - $57.99
[2026-07-16 17:48:53,134] playwright_spa_scraper - INFO -   ✅ Ürün bulundu: Ubuntu Edge - $499.99
[2026-07-16 17:48:53,134] playwright_spa_scraper - INFO - 📦 Phones kategorisinde 3 ürün bulundu
[2026-07-16 17:48:53,149] playwright_spa_scraper - INFO - 
──────────────────────────────────────────────────
[2026-07-16 17:48:53,149] playwright_spa_scraper - INFO - 📂 Kategori: Phones > Touch
[2026-07-16 17:48:53,149] playwright_spa_scraper - INFO - 🔗 URL: https://webscraper.io/test-sites/e-commerce/allinone/phones/touch
[2026-07-16 17:48:53,520] playwright_spa_scraper - ERROR - ❌ Alt kategori hatası: Phones > Touch - [Errno 22] Invalid argument: 'C:\\Users\\orucs\\OneDrive\\Desktop\\staj\\3-4-5\\web_scraping\\03_playwright\\..\\data\\screenshots\\kategori_phones_>_touch_20260716_174853.png'
[2026-07-16 17:48:54,770] playwright_spa_scraper - INFO - 📸 Ekran görüntüsü kaydedildi: C:\Users\orucs\OneDrive\Desktop\staj\3-4-5\web_scraping\03_playwright\..\data\screenshots\son_durum_20260716_174854.png
[2026-07-16 17:48:55,290] playwright_spa_scraper - INFO - 🔒 Tarayıcı kapatıldı
[2026-07-16 17:48:55,303] playwright_spa_scraper - INFO - 
📊 9 üründen 9 benzersiz ürün kaldı
[2026-07-16 17:49:42,059] playwright_spa_scraper - INFO - 🚀 Ana sayfaya gidiliyor...
[2026-07-16 17:49:44,193] playwright_spa_scraper - INFO - 📸 Ekran görüntüsü kaydedildi: C:\Users\orucs\OneDrive\Desktop\staj\3-4-5\web_scraping\03_playwright\..\data\screenshots\anasayfa_20260716_174943.png
[2026-07-16 17:49:44,196] playwright_spa_scraper - INFO - 📄 Sayfa başlığı: Allinone | Web Scraper Test Sites
[2026-07-16 17:49:44,196] playwright_spa_scraper - INFO - 
📦 Ana sayfa ürünleri toplanıyor...
[2026-07-16 17:49:44,244] playwright_spa_scraper - INFO -   ✅ Ürün bulundu: Acer TravelMate P645-S-511A Black - $1170.1
[2026-07-16 17:49:44,281] playwright_spa_scraper - INFO -   ✅ Ürün bulundu: Toshiba Portege Z30-C-16K Grey - $1294.74
[2026-07-16 17:49:44,309] playwright_spa_scraper - INFO -   ✅ Ürün bulundu: Lenovo V510 Black - $498.23
[2026-07-16 17:49:44,309] playwright_spa_scraper - INFO - ✅ Ana sayfada 3 ürün toplandı
[2026-07-16 17:49:44,309] playwright_spa_scraper - INFO - 
🔍 Kategoriler keşfediliyor...
[2026-07-16 17:49:44,321] playwright_spa_scraper - INFO - 🔍 2 kategori keşfedildi
[2026-07-16 17:49:44,322] playwright_spa_scraper - INFO -   📁 Computers: https://webscraper.io/test-sites/e-commerce/allinone/computers
[2026-07-16 17:49:44,322] playwright_spa_scraper - INFO -   📁 Phones: https://webscraper.io/test-sites/e-commerce/allinone/phones
[2026-07-16 17:49:44,322] playwright_spa_scraper - INFO - 
[1/2] Kategori işleniyor: Computers
[2026-07-16 17:49:44,322] playwright_spa_scraper - INFO - 
──────────────────────────────────────────────────
[2026-07-16 17:49:44,322] playwright_spa_scraper - INFO - 📂 Kategori: Computers
[2026-07-16 17:49:44,322] playwright_spa_scraper - INFO - 🔗 URL: https://webscraper.io/test-sites/e-commerce/allinone/computers
[2026-07-16 17:49:44,625] playwright_spa_scraper - INFO - 📸 Ekran görüntüsü kaydedildi: C:\Users\orucs\OneDrive\Desktop\staj\3-4-5\web_scraping\03_playwright\..\data\screenshots\kategori_computers_20260716_174944.png
[2026-07-16 17:49:44,675] playwright_spa_scraper - INFO -   ✅ Ürün bulundu: Lenovo ThinkPad E31-80 - $404.23
[2026-07-16 17:49:44,711] playwright_spa_scraper - INFO -   ✅ Ürün bulundu: Asus ROG Strix SCAR Edition GL503VM-ED115T - $1799
[2026-07-16 17:49:44,787] playwright_spa_scraper - INFO -   ✅ Ürün bulundu: Acer Aspire 3 A315-31 Black - $408.98
[2026-07-16 17:49:44,787] playwright_spa_scraper - INFO - 📦 Computers kategorisinde 3 ürün bulundu
[2026-07-16 17:49:44,814] playwright_spa_scraper - INFO - 
──────────────────────────────────────────────────
[2026-07-16 17:49:44,814] playwright_spa_scraper - INFO - 📂 Kategori: Computers > Laptops
[2026-07-16 17:49:44,814] playwright_spa_scraper - INFO - 🔗 URL: https://webscraper.io/test-sites/e-commerce/allinone/computers/laptops
[2026-07-16 17:49:45,739] playwright_spa_scraper - INFO - 📸 Ekran görüntüsü kaydedildi: C:\Users\orucs\OneDrive\Desktop\staj\3-4-5\web_scraping\03_playwright\..\data\screenshots\kategori_computers_laptops_20260716_174944.png
[2026-07-16 17:49:45,828] playwright_spa_scraper - INFO -   ✅ Ürün bulundu: Asus VivoBook X441NA-GA190 - $295.99
[2026-07-16 17:49:45,881] playwright_spa_scraper - INFO -   ✅ Ürün bulundu: Prestigio SmartBook 133S Dark Grey - $299
[2026-07-16 17:49:45,933] playwright_spa_scraper - INFO -   ✅ Ürün bulundu: Prestigio SmartBook 133S Gold - $299
[2026-07-16 17:49:45,987] playwright_spa_scraper - INFO -   ✅ Ürün bulundu: Aspire E1-510 - $306.99
[2026-07-16 17:49:46,043] playwright_spa_scraper - INFO -   ✅ Ürün bulundu: Lenovo V110-15IAP - $321.94
[2026-07-16 17:49:46,095] playwright_spa_scraper - INFO -   ✅ Ürün bulundu: Lenovo V110-15IAP - $356.49
[2026-07-16 17:49:46,147] playwright_spa_scraper - INFO -   ✅ Ürün bulundu: Hewlett Packard 250 G6 Dark Ash Silver - $364.46
[2026-07-16 17:49:46,194] playwright_spa_scraper - INFO -   ✅ Ürün bulundu: Acer Aspire 3 A315-31 Black - $372.7
[2026-07-16 17:49:46,229] playwright_spa_scraper - INFO -   ✅ Ürün bulundu: Acer Aspire A315-31-C33J - $379.94
[2026-07-16 17:49:46,262] playwright_spa_scraper - INFO -   ✅ Ürün bulundu: Acer Aspire ES1-572 Black - $379.95
[2026-07-16 17:49:46,290] playwright_spa_scraper - INFO -   ✅ Ürün bulundu: Acer Aspire 3 A315-31 Black - $391.48
[2026-07-16 17:49:46,323] playwright_spa_scraper - INFO -   ✅ Ürün bulundu: Acer Aspire 3 A315-21 - $393.88
[2026-07-16 17:49:46,359] playwright_spa_scraper - INFO -   ✅ Ürün bulundu: Asus VivoBook Max - $399
[2026-07-16 17:49:46,388] playwright_spa_scraper - INFO -   ✅ Ürün bulundu: Asus VivoBook E502NA-GO022T Dark Blue - $399.99
[2026-07-16 17:49:46,428] playwright_spa_scraper - INFO -   ✅ Ürün bulundu: Lenovo ThinkPad E31-80 - $404.23
[2026-07-16 17:49:46,464] playwright_spa_scraper - INFO -   ✅ Ürün bulundu: Acer Aspire 3 A315-31 Black - $408.98
[2026-07-16 17:49:46,492] playwright_spa_scraper - INFO -   ✅ Ürün bulundu: Lenovo V110-15ISK - $409.63
[2026-07-16 17:49:46,521] playwright_spa_scraper - INFO -   ✅ Ürün bulundu: Acer Aspire ES1-732 Black - $410.46
[2026-07-16 17:49:46,549] playwright_spa_scraper - INFO -   ✅ Ürün bulundu: Asus VivoBook 15 X540NA-GQ026T - $410.66
[2026-07-16 17:49:46,580] playwright_spa_scraper - INFO -   ✅ Ürün bulundu: Packard 255 G2 - $416.99
[2026-07-16 17:49:46,608] playwright_spa_scraper - INFO -   ✅ Ürün bulundu: Asus EeeBook R416NA-FA014T - $433.3
[2026-07-16 17:49:46,636] playwright_spa_scraper - INFO -   ✅ Ürün bulundu: Acer Aspire 3 A315-51 - $436.29
[2026-07-16 17:49:46,661] playwright_spa_scraper - INFO -   ✅ Ürün bulundu: Acer Aspire ES1-572 Black - $436.29
[2026-07-16 17:49:46,689] playwright_spa_scraper - INFO -   ✅ Ürün bulundu: Acer Extensa 15 (2540) Black - $439.73
[2026-07-16 17:49:46,714] playwright_spa_scraper - INFO -   ✅ Ürün bulundu: Acer Aspire ES1-572 Black - $454.62
[2026-07-16 17:49:46,742] playwright_spa_scraper - INFO -   ✅ Ürün bulundu: Lenovo V110-15ISK - $454.73
[2026-07-16 17:49:46,769] playwright_spa_scraper - INFO -   ✅ Ürün bulundu: Acer Aspire A315-51-33TG - $457.38
[2026-07-16 17:49:46,796] playwright_spa_scraper - INFO -   ✅ Ürün bulundu: Lenovo V110-15IKB - $465.95
[2026-07-16 17:49:46,821] playwright_spa_scraper - INFO -   ✅ Ürün bulundu: Asus VivoBook 15 X540UA-DM260 Chocolate Black - $468.56
[2026-07-16 17:49:46,847] playwright_spa_scraper - INFO -   ✅ Ürün bulundu: Acer Aspire ES1-572 Black - $469.1
[2026-07-16 17:49:46,870] playwright_spa_scraper - INFO -   ✅ Ürün bulundu: Lenovo V510 Black - $484.23
[2026-07-16 17:49:46,895] playwright_spa_scraper - INFO -   ✅ Ürün bulundu: Acer Aspire ES1-572 Black - $485.9
[2026-07-16 17:49:46,924] playwright_spa_scraper - INFO -   ✅ Ürün bulundu: Lenovo V510 Black - $487.8
[2026-07-16 17:49:46,951] playwright_spa_scraper - INFO -   ✅ Ürün bulundu: Acer Swift 1 SF113-31 Silver - $488.64
[2026-07-16 17:49:46,979] playwright_spa_scraper - INFO -   ✅ Ürün bulundu: Dell Vostro 15 - $488.78
[2026-07-16 17:49:47,007] playwright_spa_scraper - INFO -   ✅ Ürün bulundu: Acer Aspire 3 A315-51 Black - $494.71
[2026-07-16 17:49:47,036] playwright_spa_scraper - INFO -   ✅ Ürün bulundu: Dell Vostro 15 (3568) Red - $497.17
[2026-07-16 17:49:47,067] playwright_spa_scraper - INFO -   ✅ Ürün bulundu: Lenovo V510 Black - $498.23
[2026-07-16 17:49:47,093] playwright_spa_scraper - INFO -   ✅ Ürün bulundu: HP 250 G3 - $520.99
[2026-07-16 17:49:47,119] playwright_spa_scraper - INFO -   ✅ Ürün bulundu: Acer Spin 5 - $564.98
[2026-07-16 17:49:47,143] playwright_spa_scraper - INFO -   ✅ Ürün bulundu: HP 350 G1 - $577.99
[2026-07-16 17:49:47,169] playwright_spa_scraper - INFO -   ✅ Ürün bulundu: Aspire E1-572G - $581.99
[2026-07-16 17:49:47,195] playwright_spa_scraper - INFO -   ✅ Ürün bulundu: Pavilion - $609.99
[2026-07-16 17:49:47,222] playwright_spa_scraper - INFO -   ✅ Ürün bulundu: Acer Aspire A515-51-5654 - $679
[2026-07-16 17:49:47,250] playwright_spa_scraper - INFO -   ✅ Ürün bulundu: Dell Inspiron 15 - $679
[2026-07-16 17:49:47,280] playwright_spa_scraper - INFO -   ✅ Ürün bulundu: Asus VivoBook S14 - $729
[2026-07-16 17:49:47,313] playwright_spa_scraper - INFO -   ✅ Ürün bulundu: ProBook - $739.99
[2026-07-16 17:49:47,354] playwright_spa_scraper - INFO -   ✅ Ürün bulundu: Inspiron 15 - $745.99
[2026-07-16 17:49:47,395] playwright_spa_scraper - INFO -   ✅ Ürün bulundu: Asus ROG STRIX GL553VD-DM256 - $799
[2026-07-16 17:49:47,442] playwright_spa_scraper - INFO -   ✅ Ürün bulundu: Acer Nitro 5 AN515-51 - $809
[2026-07-16 17:49:47,488] playwright_spa_scraper - INFO -   ✅ Ürün bulundu: Asus ROG STRIX GL553VD-DM256 - $899
[2026-07-16 17:49:47,531] playwright_spa_scraper - INFO -   ✅ Ürün bulundu: Lenovo ThinkPad L570 - $999
[2026-07-16 17:49:47,577] playwright_spa_scraper - INFO -   ✅ Ürün bulundu: ThinkPad Yoga - $1033.99
[2026-07-16 17:49:47,615] playwright_spa_scraper - INFO -   ✅ Ürün bulundu: Lenovo ThinkPad L460 - $1096.02
[2026-07-16 17:49:47,651] playwright_spa_scraper - INFO -   ✅ Ürün bulundu: Dell Inspiron 15 (7567) Black - $1098.42
[2026-07-16 17:49:47,688] playwright_spa_scraper - INFO -   ✅ Ürün bulundu: MSI GL72M 7RDX - $1099
[2026-07-16 17:49:47,731] playwright_spa_scraper - INFO -   ✅ Ürün bulundu: MSI GL72M 7RDX - $1099
[2026-07-16 17:49:47,766] playwright_spa_scraper - INFO -   ✅ Ürün bulundu: Asus ROG Strix GL553VD-DM535T - $1101.83
[2026-07-16 17:49:47,795] playwright_spa_scraper - INFO -   ✅ Ürün bulundu: Dell Latitude 5280 - $1102.66
[2026-07-16 17:49:47,830] playwright_spa_scraper - INFO -   ✅ Ürün bulundu: Dell Latitude 5480 - $1110.14
[2026-07-16 17:49:47,869] playwright_spa_scraper - INFO -   ✅ Ürün bulundu: Lenovo Legion Y520-15IKBM - $1112.91
[2026-07-16 17:49:47,905] playwright_spa_scraper - INFO -   ✅ Ürün bulundu: Toshiba Portege Z30-C-16J Grey - $1114.55
[2026-07-16 17:49:47,944] playwright_spa_scraper - INFO -   ✅ Ürün bulundu: Acer Predator Helios 300 (PH317-51) - $1123.87
[2026-07-16 17:49:47,980] playwright_spa_scraper - INFO -   ✅ Ürün bulundu: Acer Aspire 7 A715-71G - $1123.87
[2026-07-16 17:49:48,017] playwright_spa_scraper - INFO -   ✅ Ürün bulundu: Dell Inspiron 17 2in1 (7779) Silver - $1124.2
[2026-07-16 17:49:48,055] playwright_spa_scraper - INFO -   ✅ Ürün bulundu: Dell Latitude 5480 - $1133.82
[2026-07-16 17:49:48,097] playwright_spa_scraper - INFO -   ✅ Ürün bulundu: Lenovo Legion Y520 - $1133.91
[2026-07-16 17:49:48,130] playwright_spa_scraper - INFO -   ✅ Ürün bulundu: Asus AsusPro Advanced BU401LA-FA271G Dark Grey - $1139.54
[2026-07-16 17:49:48,168] playwright_spa_scraper - INFO -   ✅ Ürün bulundu: Acer Nitro 5 AN515-51 - $1140.62
[2026-07-16 17:49:48,213] playwright_spa_scraper - INFO -   ✅ Ürün bulundu: Dell Latitude 5480 - $1143.4
[2026-07-16 17:49:48,253] playwright_spa_scraper - INFO -   ✅ Ürün bulundu: Dell Inspiron 15 (7567) Black - $1144.2
[2026-07-16 17:49:48,286] playwright_spa_scraper - INFO -   ✅ Ürün bulundu: Dell Latitude 5580 - $1144.4
[2026-07-16 17:49:48,319] playwright_spa_scraper - INFO -   ✅ Ürün bulundu: Lenovo Legion Y520-15IKBM - $1149
[2026-07-16 17:49:48,354] playwright_spa_scraper - INFO -   ✅ Ürün bulundu: MSI GP62M 7RDX Leopard - $1149
[2026-07-16 17:49:48,384] playwright_spa_scraper - INFO -   ✅ Ürün bulundu: Lenovo Yoga 720 Grey - $1149.73
[2026-07-16 17:49:48,415] playwright_spa_scraper - INFO -   ✅ Ürün bulundu: Toshiba Portege Z30-C-16L Grey - $1154.04
[2026-07-16 17:49:48,443] playwright_spa_scraper - INFO -   ✅ Ürün bulundu: Acer TravelMate P645-S-511A Black - $1170.1
[2026-07-16 17:49:48,474] playwright_spa_scraper - INFO -   ✅ Ürün bulundu: Dell Latitude 5580 - $1178.19
[2026-07-16 17:49:48,507] playwright_spa_scraper - INFO -   ✅ Ürün bulundu: ThinkPad T540p - $1178.99
[2026-07-16 17:49:48,534] playwright_spa_scraper - INFO -   ✅ Ürün bulundu: MSI GS63 7RD Stealth - $1179
[2026-07-16 17:49:48,564] playwright_spa_scraper - INFO -   ✅ Ürün bulundu: Dell Latitude 5480 - $1187.88
[2026-07-16 17:49:48,593] playwright_spa_scraper - INFO -   ✅ Ürün bulundu: Acer Predator Helios 300 (PH317-51) - $1187.98
[2026-07-16 17:49:48,619] playwright_spa_scraper - INFO -   ✅ Ürün bulundu: MSI GL62M 7REX - $1199
[2026-07-16 17:49:48,646] playwright_spa_scraper - INFO -   ✅ Ürün bulundu: MSI GL62M 7REX2 - $1199
[2026-07-16 17:49:48,669] playwright_spa_scraper - INFO -   ✅ Ürün bulundu: Lenovo Yoga 910 Grey - $1199.73
[2026-07-16 17:49:48,695] playwright_spa_scraper - INFO -   ✅ Ürün bulundu: Toshiba Portege X30-D-10J Black/Blue - $1203.41
[2026-07-16 17:49:48,721] playwright_spa_scraper - INFO -   ✅ Ürün bulundu: Lenovo IdeaPad Miix 510 Platinum Silver - $1212.16
[2026-07-16 17:49:48,749] playwright_spa_scraper - INFO -   ✅ Ürün bulundu: Acer Predator Helios 300 (PH317-51) - $1221.58
[2026-07-16 17:49:48,783] playwright_spa_scraper - INFO -   ✅ Ürün bulundu: ThinkPad Yoga - $1223.99
[2026-07-16 17:49:48,811] playwright_spa_scraper - INFO -   ✅ Ürün bulundu: Asus VivoBook Pro 15 N580VN-FI006T Gold Metal - $1235.49
[2026-07-16 17:49:48,850] playwright_spa_scraper - INFO -   ✅ Ürün bulundu: Dell Latitude 5480 - $1238.37
[2026-07-16 17:49:48,895] playwright_spa_scraper - INFO -   ✅ Ürün bulundu: Asus ZenBook UX530UX-FY040T Blue - $1239.2
[2026-07-16 17:49:48,929] playwright_spa_scraper - INFO -   ✅ Ürün bulundu: ThinkPad X230 - $1244.99
[2026-07-16 17:49:48,973] playwright_spa_scraper - INFO -   ✅ Ürün bulundu: Asus ROG Strix GL753VE-GC096T - $1259
[2026-07-16 17:49:49,005] playwright_spa_scraper - INFO -   ✅ Ürün bulundu: Apple MacBook Air 13" - $1260.13
[2026-07-16 17:49:49,029] playwright_spa_scraper - INFO -   ✅ Ürün bulundu: Dell Latitude 5480 - $1271.06
[2026-07-16 17:49:49,054] playwright_spa_scraper - INFO -   ✅ Ürün bulundu: Hewlett Packard Spectre 13-v106na Dark Ash Silver - $1273.11
[2026-07-16 17:49:49,080] playwright_spa_scraper - INFO -   ✅ Ürün bulundu: Dell XPS 13 - $1281.99
[2026-07-16 17:49:49,104] playwright_spa_scraper - INFO -   ✅ Ürün bulundu: Toshiba Portege Z30-C-16K Grey - $1294.74
[2026-07-16 17:49:49,129] playwright_spa_scraper - INFO -   ✅ Ürün bulundu: MSI GL62VR 7RFX - $1299
[2026-07-16 17:49:49,155] playwright_spa_scraper - INFO -   ✅ Ürün bulundu: Dell Latitude 5480 - $1310.39
[2026-07-16 17:49:49,180] playwright_spa_scraper - INFO -   ✅ Ürün bulundu: ThinkPad X240 - $1311.99
[2026-07-16 17:49:49,207] playwright_spa_scraper - INFO -   ✅ Ürün bulundu: Hewlett Packard ProBook 640 G3 - $1326.83
[2026-07-16 17:49:49,231] playwright_spa_scraper - INFO -   ✅ Ürün bulundu: Apple MacBook Pro 13" Space Gray - $1333
[2026-07-16 17:49:49,258] playwright_spa_scraper - INFO -   ✅ Ürün bulundu: Dell Latitude 5580 - $1337.28
[2026-07-16 17:49:49,283] playwright_spa_scraper - INFO -   ✅ Ürün bulundu: Dell Latitude 5480 - $1338.37
[2026-07-16 17:49:49,308] playwright_spa_scraper - INFO -   ✅ Ürün bulundu: Dell Latitude 5580 - $1341.22
[2026-07-16 17:49:49,332] playwright_spa_scraper - INFO -   ✅ Ürün bulundu: Apple MacBook Air 13" - $1347.78
[2026-07-16 17:49:49,357] playwright_spa_scraper - INFO -   ✅ Ürün bulundu: Lenovo ThinkPad T470 - $1349.23
[2026-07-16 17:49:49,383] playwright_spa_scraper - INFO -   ✅ Ürün bulundu: Lenovo ThinkPad Yoga 370 Black - $1362.24
[2026-07-16 17:49:49,407] playwright_spa_scraper - INFO -   ✅ Ürün bulundu: Toshiba Portege X20W-D-10V Black/Blue - $1366.32
[2026-07-16 17:49:49,431] playwright_spa_scraper - INFO -   ✅ Ürün bulundu: Asus ASUSPRO B9440UA-GV0279R Gray - $1381.13
[2026-07-16 17:49:49,456] playwright_spa_scraper - INFO -   ✅ Ürün bulundu: Lenovo Legion Y720 - $1399
[2026-07-16 17:49:49,481] playwright_spa_scraper - INFO -   ✅ Ürün bulundu: Asus ROG Strix GL702VM-GC146T - $1399
[2026-07-16 17:49:49,508] playwright_spa_scraper - INFO -   ✅ Ürün bulundu: Asus ROG Strix GL702ZC-GC154T - $1769
[2026-07-16 17:49:49,535] playwright_spa_scraper - INFO -   ✅ Ürün bulundu: Asus ROG Strix GL702ZC-GC209T - $1769
[2026-07-16 17:49:49,559] playwright_spa_scraper - INFO -   ✅ Ürün bulundu: Asus ROG Strix SCAR Edition GL503VM-ED115T - $1799
[2026-07-16 17:49:49,560] playwright_spa_scraper - INFO - 📦 Computers > Laptops kategorisinde 117 ürün bulundu
[2026-07-16 17:49:49,560] playwright_spa_scraper - INFO - 
──────────────────────────────────────────────────
[2026-07-16 17:49:49,560] playwright_spa_scraper - INFO - 📂 Kategori: Computers > Tablets
[2026-07-16 17:49:49,560] playwright_spa_scraper - INFO - 🔗 URL: https://webscraper.io/test-sites/e-commerce/allinone/computers/tablets
[2026-07-16 17:49:49,867] playwright_spa_scraper - INFO - 📸 Ekran görüntüsü kaydedildi: C:\Users\orucs\OneDrive\Desktop\staj\3-4-5\web_scraping\03_playwright\..\data\screenshots\kategori_computers_tablets_20260716_174949.png
[2026-07-16 17:49:49,932] playwright_spa_scraper - INFO -   ✅ Ürün bulundu: Lenovo IdeaTab - $69.99
[2026-07-16 17:49:49,974] playwright_spa_scraper - INFO -   ✅ Ürün bulundu: IdeaTab A3500L - $88.99
[2026-07-16 17:49:50,012] playwright_spa_scraper - INFO -   ✅ Ürün bulundu: Acer Iconia - $96.99
[2026-07-16 17:49:50,052] playwright_spa_scraper - INFO -   ✅ Ürün bulundu: Galaxy Tab 3 - $97.99
[2026-07-16 17:49:50,080] playwright_spa_scraper - INFO -   ✅ Ürün bulundu: Iconia B1-730HD - $99.99
[2026-07-16 17:49:50,108] playwright_spa_scraper - INFO -   ✅ Ürün bulundu: Memo Pad HD 7 - $101.99
[2026-07-16 17:49:50,136] playwright_spa_scraper - INFO -   ✅ Ürün bulundu: Asus MeMO Pad - $102.99
[2026-07-16 17:49:50,161] playwright_spa_scraper - INFO -   ✅ Ürün bulundu: Amazon Kindle - $103.99
[2026-07-16 17:49:50,189] playwright_spa_scraper - INFO -   ✅ Ürün bulundu: Galaxy Tab 3 - $107.99
[2026-07-16 17:49:50,239] playwright_spa_scraper - INFO -   ✅ Ürün bulundu: IdeaTab A8-50 - $121.99
[2026-07-16 17:49:50,292] playwright_spa_scraper - INFO -   ✅ Ürün bulundu: MeMO Pad 7 - $130.99
[2026-07-16 17:49:50,356] playwright_spa_scraper - INFO -   ✅ Ürün bulundu: IdeaTab A3500-H - $148.99
[2026-07-16 17:49:50,412] playwright_spa_scraper - INFO -   ✅ Ürün bulundu: IdeaTab S5000 - $172.99
[2026-07-16 17:49:50,453] playwright_spa_scraper - INFO -   ✅ Ürün bulundu: Galaxy Tab 4 - $233.99
[2026-07-16 17:49:50,488] playwright_spa_scraper - INFO -   ✅ Ürün bulundu: Galaxy Tab - $251.99
[2026-07-16 17:49:50,525] playwright_spa_scraper - INFO -   ✅ Ürün bulundu: MeMo PAD FHD 10 - $320.99
[2026-07-16 17:49:50,561] playwright_spa_scraper - INFO -   ✅ Ürün bulundu: Galaxy Note - $399.99
[2026-07-16 17:49:50,588] playwright_spa_scraper - INFO -   ✅ Ürün bulundu: Galaxy Note - $489.99
[2026-07-16 17:49:50,614] playwright_spa_scraper - INFO -   ✅ Ürün bulundu: iPad Mini Retina - $537.99
[2026-07-16 17:49:50,640] playwright_spa_scraper - INFO -   ✅ Ürün bulundu: Galaxy Note 10.1 - $587.99
[2026-07-16 17:49:50,666] playwright_spa_scraper - INFO -   ✅ Ürün bulundu: Apple iPad Air - $603.99
[2026-07-16 17:49:50,666] playwright_spa_scraper - INFO - 📦 Computers > Tablets kategorisinde 21 ürün bulundu
[2026-07-16 17:49:51,568] playwright_spa_scraper - INFO - 
[2/2] Kategori işleniyor: Phones
[2026-07-16 17:49:51,568] playwright_spa_scraper - INFO - 
──────────────────────────────────────────────────
[2026-07-16 17:49:51,568] playwright_spa_scraper - INFO - 📂 Kategori: Phones
[2026-07-16 17:49:51,568] playwright_spa_scraper - INFO - 🔗 URL: https://webscraper.io/test-sites/e-commerce/allinone/phones
[2026-07-16 17:49:51,809] playwright_spa_scraper - INFO - 📸 Ekran görüntüsü kaydedildi: C:\Users\orucs\OneDrive\Desktop\staj\3-4-5\web_scraping\03_playwright\..\data\screenshots\kategori_phones_20260716_174951.png
[2026-07-16 17:49:51,850] playwright_spa_scraper - INFO -   ✅ Ürün bulundu: Iphone - $899.99
[2026-07-16 17:49:51,882] playwright_spa_scraper - INFO -   ✅ Ürün bulundu: LG Optimus - $57.99
[2026-07-16 17:49:51,908] playwright_spa_scraper - INFO -   ✅ Ürün bulundu: Ubuntu Edge - $499.99
[2026-07-16 17:49:51,908] playwright_spa_scraper - INFO - 📦 Phones kategorisinde 3 ürün bulundu
[2026-07-16 17:49:51,922] playwright_spa_scraper - INFO - 
──────────────────────────────────────────────────
[2026-07-16 17:49:51,922] playwright_spa_scraper - INFO - 📂 Kategori: Phones > Touch
[2026-07-16 17:49:51,923] playwright_spa_scraper - INFO - 🔗 URL: https://webscraper.io/test-sites/e-commerce/allinone/phones/touch
[2026-07-16 17:49:52,174] playwright_spa_scraper - INFO - 📸 Ekran görüntüsü kaydedildi: C:\Users\orucs\OneDrive\Desktop\staj\3-4-5\web_scraping\03_playwright\..\data\screenshots\kategori_phones_touch_20260716_174952.png
[2026-07-16 17:49:52,213] playwright_spa_scraper - INFO -   ✅ Ürün bulundu: Nokia 123 - $24.99
[2026-07-16 17:49:52,238] playwright_spa_scraper - INFO -   ✅ Ürün bulundu: LG Optimus - $57.99
[2026-07-16 17:49:52,263] playwright_spa_scraper - INFO -   ✅ Ürün bulundu: Samsung Galaxy - $93.99
[2026-07-16 17:49:52,290] playwright_spa_scraper - INFO -   ✅ Ürün bulundu: Nokia X - $109.99
[2026-07-16 17:49:52,331] playwright_spa_scraper - INFO -   ✅ Ürün bulundu: Sony Xperia - $118.99
[2026-07-16 17:49:52,371] playwright_spa_scraper - INFO -   ✅ Ürün bulundu: Ubuntu Edge - $499.99
[2026-07-16 17:49:52,402] playwright_spa_scraper - INFO -   ✅ Ürün bulundu: Iphone - $899.99
[2026-07-16 17:49:52,427] playwright_spa_scraper - INFO -   ✅ Ürün bulundu: Iphone - $899.99
[2026-07-16 17:49:52,452] playwright_spa_scraper - INFO -   ✅ Ürün bulundu: Iphone - $899.99
[2026-07-16 17:49:52,452] playwright_spa_scraper - INFO - 📦 Phones > Touch kategorisinde 9 ürün bulundu
[2026-07-16 17:49:53,850] playwright_spa_scraper - INFO - 📸 Ekran görüntüsü kaydedildi: C:\Users\orucs\OneDrive\Desktop\staj\3-4-5\web_scraping\03_playwright\..\data\screenshots\son_durum_20260716_174953.png
[2026-07-16 17:49:55,740] playwright_spa_scraper - INFO - 🔒 Tarayıcı kapatıldı
[2026-07-16 17:49:55,757] playwright_spa_scraper - INFO - 
📊 156 üründen 144 benzersiz ürün kaldı
