[2026-07-16 17:39:50,092] quotes_scraper - INFO - Alıntı kazıma işlemi başlıyor...
[2026-07-16 17:39:50,092] quotes_scraper - INFO - Sayfa 1 çekiliyor: http://quotes.toscrape.com
[2026-07-16 17:39:50,491] quotes_scraper - WARNING - Sayfa 1'de alıntı bulunamadı.
[2026-07-16 17:39:50,491] quotes_scraper - INFO - Alıntı kazıma tamamlandı. Toplam: 0 alıntı, 1 sayfa, 0 hata.
[2026-07-16 17:40:36,650] quotes_scraper - INFO - Alıntı kazıma işlemi başlıyor...
[2026-07-16 17:40:36,650] quotes_scraper - INFO - Sayfa 1 çekiliyor: http://quotes.toscrape.com
[2026-07-16 17:40:37,560] quotes_scraper - INFO - Sayfa 2 çekiliyor: http://quotes.toscrape.com/page/2/
[2026-07-16 17:40:39,293] quotes_scraper - INFO - Sayfa 3 çekiliyor: http://quotes.toscrape.com/page/3/
[2026-07-16 17:40:40,319] quotes_scraper - INFO - Sayfa 4 çekiliyor: http://quotes.toscrape.com/page/4/
[2026-07-16 17:40:41,646] quotes_scraper - INFO - Sayfa 5 çekiliyor: http://quotes.toscrape.com/page/5/
[2026-07-16 17:40:43,301] quotes_scraper - INFO - Sayfa 6 çekiliyor: http://quotes.toscrape.com/page/6/
[2026-07-16 17:40:44,007] quotes_scraper - INFO - Sayfa 7 çekiliyor: http://quotes.toscrape.com/page/7/
[2026-07-16 17:40:45,213] quotes_scraper - INFO - Sayfa 8 çekiliyor: http://quotes.toscrape.com/page/8/
[2026-07-16 17:40:46,939] quotes_scraper - INFO - Sayfa 9 çekiliyor: http://quotes.toscrape.com/page/9/
[2026-07-16 17:40:47,886] quotes_scraper - INFO - Sayfa 10 çekiliyor: http://quotes.toscrape.com/page/10/
[2026-07-16 17:40:48,050] quotes_scraper - INFO - Alıntı kazıma tamamlandı. Toplam: 100 alıntı, 10 sayfa, 0 hata.
[2026-07-16 17:40:48,051] quotes_scraper - INFO - 50 benzersiz yazar sayfası ziyaret edilecek.
[2026-07-16 17:40:48,051] quotes_scraper - INFO - Yazar 1/50: Albert Einstein
[2026-07-16 17:40:49,359] quotes_scraper - INFO - Yazar 2/50: J.K. Rowling
[2026-07-16 17:40:50,402] quotes_scraper - INFO - Yazar 3/50: Jane Austen
[2026-07-16 17:40:52,136] quotes_scraper - INFO - Yazar 4/50: Marilyn Monroe
[2026-07-16 17:40:53,899] quotes_scraper - INFO - Yazar 5/50: André Gide
[2026-07-16 17:40:55,639] quotes_scraper - INFO - Yazar 6/50: Thomas A. Edison
[2026-07-16 17:40:56,518] quotes_scraper - INFO - Yazar 7/50: Eleanor Roosevelt
[2026-07-16 17:40:57,470] quotes_scraper - INFO - Yazar 8/50: Steve Martin
[2026-07-16 17:40:58,893] quotes_scraper - INFO - Yazar 9/50: Bob Marley
[2026-07-16 17:41:00,047] quotes_scraper - INFO - Yazar 10/50: Dr. Seuss
[2026-07-16 17:41:01,680] quotes_scraper - INFO - Yazar 11/50: Douglas Adams
[2026-07-16 17:41:02,735] quotes_scraper - INFO - Yazar 12/50: Elie Wiesel
[2026-07-16 17:41:04,490] quotes_scraper - INFO - Yazar 13/50: Friedrich Nietzsche
[2026-07-16 17:41:06,110] quotes_scraper - INFO - Yazar 14/50: Mark Twain
[2026-07-16 17:41:07,928] quotes_scraper - INFO - Yazar 15/50: Allen Saunders
[2026-07-16 17:41:09,659] quotes_scraper - INFO - Yazar 16/50: Pablo Neruda
[2026-07-16 17:41:10,989] quotes_scraper - INFO - Yazar 17/50: Ralph Waldo Emerson
[2026-07-16 17:41:12,446] quotes_scraper - INFO - Yazar 18/50: Mother Teresa
[2026-07-16 17:41:13,720] quotes_scraper - INFO - Yazar 19/50: Garrison Keillor
[2026-07-16 17:41:15,068] quotes_scraper - INFO - Yazar 20/50: Jim Henson
[2026-07-16 17:41:16,824] quotes_scraper - INFO - Yazar 21/50: Charles M. Schulz
[2026-07-16 17:41:18,217] quotes_scraper - INFO - Yazar 22/50: William Nicholson
[2026-07-16 17:41:19,624] quotes_scraper - INFO - Yazar 23/50: Jorge Luis Borges
[2026-07-16 17:41:20,771] quotes_scraper - INFO - Yazar 24/50: George Eliot
[2026-07-16 17:41:21,790] quotes_scraper - INFO - Yazar 25/50: George R.R. Martin
[2026-07-16 17:41:22,908] quotes_scraper - INFO - Yazar 26/50: C.S. Lewis
[2026-07-16 17:41:23,874] quotes_scraper - INFO - Yazar 27/50: Martin Luther King Jr.
[2026-07-16 17:41:25,701] quotes_scraper - INFO - Yazar 28/50: James Baldwin
[2026-07-16 17:41:26,731] quotes_scraper - INFO - Yazar 29/50: Haruki Murakami
[2026-07-16 17:41:28,275] quotes_scraper - INFO - Yazar 30/50: Alexandre Dumas fils
[2026-07-16 17:41:29,149] quotes_scraper - INFO - Yazar 31/50: Stephenie Meyer
[2026-07-16 17:41:30,070] quotes_scraper - INFO - Yazar 32/50: Ernest Hemingway
[2026-07-16 17:41:31,582] quotes_scraper - INFO - Yazar 33/50: Helen Keller
[2026-07-16 17:41:32,753] quotes_scraper - INFO - Yazar 34/50: George Bernard Shaw
[2026-07-16 17:41:34,458] quotes_scraper - INFO - Yazar 35/50: Charles Bukowski
[2026-07-16 17:41:36,226] quotes_scraper - INFO - Yazar 36/50: Suzanne Collins
[2026-07-16 17:41:37,870] quotes_scraper - INFO - Yazar 37/50: J.R.R. Tolkien
[2026-07-16 17:41:39,110] quotes_scraper - INFO - Yazar 38/50: Alfred Tennyson
[2026-07-16 17:41:40,432] quotes_scraper - INFO - Yazar 39/50: Terry Pratchett
[2026-07-16 17:41:42,207] quotes_scraper - INFO - Yazar 40/50: J.D. Salinger
[2026-07-16 17:41:43,317] quotes_scraper - INFO - Yazar 41/50: George Carlin
[2026-07-16 17:41:44,272] quotes_scraper - INFO - Yazar 42/50: John Lennon
[2026-07-16 17:41:45,369] quotes_scraper - INFO - Yazar 43/50: W.C. Fields
[2026-07-16 17:41:46,435] quotes_scraper - INFO - Yazar 44/50: Ayn Rand
[2026-07-16 17:41:48,197] quotes_scraper - INFO - Yazar 45/50: Jimi Hendrix
[2026-07-16 17:41:49,148] quotes_scraper - INFO - Yazar 46/50: J.M. Barrie
[2026-07-16 17:41:50,339] quotes_scraper - INFO - Yazar 47/50: E.E. Cummings
[2026-07-16 17:41:51,855] quotes_scraper - INFO - Yazar 48/50: Khaled Hosseini
[2026-07-16 17:41:53,459] quotes_scraper - INFO - Yazar 49/50: Harper Lee
[2026-07-16 17:41:54,310] quotes_scraper - INFO - Yazar 50/50: Madeleine L'Engle
[2026-07-16 17:41:54,644] quotes_scraper - INFO - Yazar kazıma tamamlandı. 50 yazar, 0 hata.
[2026-07-16 18:16:12,756] quotes_scraper - INFO - 'Kategori:Türk yazarlar' kategorisinden yazar listesi çekiliyor...
[2026-07-16 18:16:13,312] quotes_scraper - INFO - 40 yazar bulundu.
[2026-07-16 18:16:13,313] quotes_scraper - INFO - Yazar işleniyor: Abdi İpekçi
[2026-07-16 18:16:15,382] quotes_scraper - INFO - Yazar işleniyor: Abdulaziz Bayındır
[2026-07-16 18:16:17,668] quotes_scraper - INFO - Yazar işleniyor: Abdullah Rıza Ergüven
[2026-07-16 18:16:19,358] quotes_scraper - INFO - Yazar işleniyor: Abdülhak Hamit Tarhan
[2026-07-16 18:16:20,888] quotes_scraper - INFO - Yazar işleniyor: Ahmed Hulusi
[2026-07-16 18:16:22,838] quotes_scraper - INFO - Yazar işleniyor: Ahmet Altan
[2026-07-16 18:16:24,768] quotes_scraper - INFO - Yazar işleniyor: Ahmet Arslan
[2026-07-16 18:16:26,110] quotes_scraper - INFO - Yazar işleniyor: Ahmet Erhan
[2026-07-16 18:16:28,048] quotes_scraper - INFO - Yazar işleniyor: Ahmet Hakan Coşkun
[2026-07-16 18:16:30,062] quotes_scraper - INFO - Yazar işleniyor: Ahmet Haşim
[2026-07-16 18:16:31,647] quotes_scraper - INFO - Yazar işleniyor: Ahmet İnam
[2026-07-16 18:16:33,167] quotes_scraper - INFO - Yazar işleniyor: Ahmet İnsel
[2026-07-16 18:16:35,526] quotes_scraper - INFO - Yazar işleniyor: Ahmet Kavas
[2026-07-16 18:16:36,477] quotes_scraper - INFO - Yazar işleniyor: Ahmet Mahmut Ünlü
[2026-07-16 18:16:38,330] quotes_scraper - INFO - Yazar işleniyor: Ahmet Mithat
[2026-07-16 18:16:40,628] quotes_scraper - INFO - Yazar işleniyor: Ahmet Muhip Dıranas
[2026-07-16 18:16:42,200] quotes_scraper - INFO - Yazar işleniyor: Ahmet Murat Özel
[2026-07-16 18:16:44,062] quotes_scraper - INFO - Yazar işleniyor: Ahmet Şerif İzgören
[2026-07-16 18:16:46,447] quotes_scraper - INFO - Yazar işleniyor: Ahmet Şimşirgil
[2026-07-16 18:16:48,020] quotes_scraper - INFO - Yazar işleniyor: Ahmet Taner Kışlalı
